{"/home/travis/build/npmtest/node-npmtest-tedious/test.js":{"path":"/home/travis/build/npmtest/node-npmtest-tedious/test.js","s":{"1":2,"2":2,"3":2,"4":2,"5":2,"6":2,"7":2,"8":1,"9":2,"10":2,"11":1,"12":1,"13":1,"14":1,"15":2,"16":2,"17":2,"18":2,"19":1,"20":1,"21":2,"22":2,"23":2,"24":1,"25":1,"26":1,"27":1,"28":1,"29":1,"30":1,"31":1,"32":1,"33":1,"34":1,"35":1,"36":1,"37":2,"38":2,"39":1,"40":2,"41":2,"42":1,"43":2,"44":2,"45":1,"46":2,"47":2,"48":1,"49":1,"50":1,"51":1,"52":1},"b":{"1":[2,1,1,1],"2":[1,1,1,1],"3":[1,1],"4":[1,1],"5":[1,1],"6":[1,1],"7":[1,1],"8":[1,1],"9":[1,1,1],"10":[1,1],"11":[1,1],"12":[1,1],"13":[1,1],"14":[1,1],"15":[1,1],"16":[1,1]},"f":{"1":2,"2":2,"3":2,"4":2,"5":2,"6":1,"7":1,"8":2,"9":2,"10":2,"11":2,"12":1},"fnMap":{"1":{"name":"(anonymous_1)","line":12,"loc":{"start":{"line":12,"column":1},"end":{"line":12,"column":13}}},"2":{"name":"(anonymous_2)","line":19,"loc":{"start":{"line":19,"column":5},"end":{"line":19,"column":17}}},"3":{"name":"(anonymous_3)","line":23,"loc":{"start":{"line":23,"column":24},"end":{"line":23,"column":36}}},"4":{"name":"(anonymous_4)","line":61,"loc":{"start":{"line":61,"column":5},"end":{"line":61,"column":17}}},"5":{"name":"(anonymous_5)","line":82,"loc":{"start":{"line":82,"column":5},"end":{"line":82,"column":17}}},"6":{"name":"(anonymous_6)","line":102,"loc":{"start":{"line":102,"column":83},"end":{"line":105,"column":10}},"skip":true},"7":{"name":"(anonymous_7)","line":113,"loc":{"start":{"line":113,"column":77},"end":{"line":116,"column":10}},"skip":true},"8":{"name":"(anonymous_8)","line":129,"loc":{"start":{"line":129,"column":12},"end":{"line":129,"column":40}},"skip":true},"9":{"name":"(anonymous_9)","line":137,"loc":{"start":{"line":137,"column":77},"end":{"line":140,"column":10}},"skip":true},"10":{"name":"(anonymous_10)","line":148,"loc":{"start":{"line":148,"column":83},"end":{"line":151,"column":10}},"skip":true},"11":{"name":"(anonymous_11)","line":159,"loc":{"start":{"line":159,"column":79},"end":{"line":162,"column":10}},"skip":true},"12":{"name":"(anonymous_12)","line":170,"loc":{"start":{"line":170,"column":75},"end":{"line":173,"column":10}},"skip":true}},"statementMap":{"1":{"start":{"line":12,"column":0},"end":{"line":185,"column":5}},"2":{"start":{"line":14,"column":4},"end":{"line":14,"column":14}},"3":{"start":{"line":19,"column":4},"end":{"line":56,"column":9}},"4":{"start":{"line":21,"column":8},"end":{"line":21,"column":19}},"5":{"start":{"line":23,"column":8},"end":{"line":35,"column":13}},"6":{"start":{"line":24,"column":12},"end":{"line":34,"column":13}},"7":{"start":{"line":25,"column":16},"end":{"line":28,"column":30}},"8":{"start":{"line":30,"column":16},"end":{"line":33,"column":27}},"9":{"start":{"line":37,"column":8},"end":{"line":39,"column":21}},"10":{"start":{"line":40,"column":8},"end":{"line":53,"column":9}},"11":{"start":{"line":43,"column":12},"end":{"line":46,"column":14}},"12":{"start":{"line":47,"column":12},"end":{"line":47,"column":18}},"13":{"start":{"line":50,"column":12},"end":{"line":51,"column":46}},"14":{"start":{"line":52,"column":12},"end":{"line":52,"column":18}},"15":{"start":{"line":55,"column":8},"end":{"line":55,"column":35}},"16":{"start":{"line":61,"column":4},"end":{"line":63,"column":9}},"17":{"start":{"line":62,"column":8},"end":{"line":62,"column":15}},"18":{"start":{"line":64,"column":4},"end":{"line":77,"column":5}},"19":{"start":{"line":70,"column":8},"end":{"line":70,"column":14}},"20":{"start":{"line":76,"column":8},"end":{"line":76,"column":14}},"21":{"start":{"line":82,"column":4},"end":{"line":84,"column":9}},"22":{"start":{"line":83,"column":8},"end":{"line":83,"column":15}},"23":{"start":{"line":85,"column":4},"end":{"line":184,"column":5}},"24":{"start":{"line":92,"column":8},"end":{"line":94,"column":63}},"25":{"start":{"line":95,"column":8},"end":{"line":95,"column":14}},"26":{"start":{"line":102,"column":8},"end":{"line":111,"column":10},"skip":true},"27":{"start":{"line":109,"column":12},"end":{"line":109,"column":55},"skip":true},"28":{"start":{"line":110,"column":12},"end":{"line":110,"column":48},"skip":true},"29":{"start":{"line":113,"column":8},"end":{"line":126,"column":10},"skip":true},"30":{"start":{"line":120,"column":12},"end":{"line":120,"column":76},"skip":true},"31":{"start":{"line":121,"column":12},"end":{"line":121,"column":73},"skip":true},"32":{"start":{"line":122,"column":12},"end":{"line":122,"column":74},"skip":true},"33":{"start":{"line":123,"column":12},"end":{"line":123,"column":79},"skip":true},"34":{"start":{"line":124,"column":12},"end":{"line":124,"column":25},"skip":true},"35":{"start":{"line":125,"column":12},"end":{"line":125,"column":45},"skip":true},"36":{"start":{"line":128,"column":8},"end":{"line":135,"column":14},"skip":true},"37":{"start":{"line":133,"column":16},"end":{"line":133,"column":29},"skip":true},"38":{"start":{"line":134,"column":16},"end":{"line":134,"column":55},"skip":true},"39":{"start":{"line":137,"column":8},"end":{"line":146,"column":10},"skip":true},"40":{"start":{"line":144,"column":12},"end":{"line":144,"column":25},"skip":true},"41":{"start":{"line":145,"column":12},"end":{"line":145,"column":45},"skip":true},"42":{"start":{"line":148,"column":8},"end":{"line":157,"column":10},"skip":true},"43":{"start":{"line":155,"column":12},"end":{"line":155,"column":25},"skip":true},"44":{"start":{"line":156,"column":12},"end":{"line":156,"column":48},"skip":true},"45":{"start":{"line":159,"column":8},"end":{"line":168,"column":10},"skip":true},"46":{"start":{"line":166,"column":12},"end":{"line":166,"column":25},"skip":true},"47":{"start":{"line":167,"column":12},"end":{"line":167,"column":46},"skip":true},"48":{"start":{"line":170,"column":8},"end":{"line":179,"column":10},"skip":true},"49":{"start":{"line":177,"column":12},"end":{"line":177,"column":94},"skip":true},"50":{"start":{"line":178,"column":12},"end":{"line":178,"column":48},"skip":true},"51":{"start":{"line":182,"column":8},"end":{"line":182,"column":35},"skip":true},"52":{"start":{"line":183,"column":8},"end":{"line":183,"column":14},"skip":true}},"branchMap":{"1":{"line":25,"type":"binary-expr","locations":[{"start":{"line":25,"column":23},"end":{"line":25,"column":62}},{"start":{"line":26,"column":20},"end":{"line":26,"column":70}},{"start":{"line":27,"column":20},"end":{"line":27,"column":71}},{"start":{"line":28,"column":20},"end":{"line":28,"column":29}}]},"2":{"line":30,"type":"binary-expr","locations":[{"start":{"line":30,"column":23},"end":{"line":30,"column":37}},{"start":{"line":31,"column":20},"end":{"line":31,"column":61}},{"start":{"line":32,"column":20},"end":{"line":32,"column":70}},{"start":{"line":33,"column":20},"end":{"line":33,"column":26}}]},"3":{"line":37,"type":"cond-expr","locations":[{"start":{"line":38,"column":14},"end":{"line":38,"column":20}},{"start":{"line":39,"column":14},"end":{"line":39,"column":20}}]},"4":{"line":40,"type":"switch","locations":[{"start":{"line":42,"column":8},"end":{"line":47,"column":18}},{"start":{"line":49,"column":8},"end":{"line":52,"column":18}}]},"5":{"line":44,"type":"binary-expr","locations":[{"start":{"line":44,"column":16},"end":{"line":44,"column":44}},{"start":{"line":44,"column":48},"end":{"line":44,"column":66}}]},"6":{"line":50,"type":"binary-expr","locations":[{"start":{"line":50,"column":21},"end":{"line":50,"column":49}},{"start":{"line":50,"column":53},"end":{"line":50,"column":72}}]},"7":{"line":64,"type":"switch","locations":[{"start":{"line":69,"column":4},"end":{"line":70,"column":14}},{"start":{"line":75,"column":4},"end":{"line":76,"column":14}}]},"8":{"line":85,"type":"switch","locations":[{"start":{"line":90,"column":4},"end":{"line":95,"column":14}},{"start":{"line":101,"column":4},"end":{"line":183,"column":14},"skip":true}]},"9":{"line":92,"type":"binary-expr","locations":[{"start":{"line":92,"column":18},"end":{"line":92,"column":32}},{"start":{"line":93,"column":12},"end":{"line":93,"column":53}},{"start":{"line":94,"column":12},"end":{"line":94,"column":61}}]},"10":{"line":102,"type":"binary-expr","locations":[{"start":{"line":102,"column":45},"end":{"line":102,"column":79},"skip":true},{"start":{"line":102,"column":83},"end":{"line":111,"column":9},"skip":true}]},"11":{"line":113,"type":"binary-expr","locations":[{"start":{"line":113,"column":42},"end":{"line":113,"column":73},"skip":true},{"start":{"line":113,"column":77},"end":{"line":126,"column":9},"skip":true}]},"12":{"line":128,"type":"binary-expr","locations":[{"start":{"line":128,"column":48},"end":{"line":128,"column":85},"skip":true},{"start":{"line":129,"column":12},"end":{"line":135,"column":13},"skip":true}]},"13":{"line":137,"type":"binary-expr","locations":[{"start":{"line":137,"column":42},"end":{"line":137,"column":73},"skip":true},{"start":{"line":137,"column":77},"end":{"line":146,"column":9},"skip":true}]},"14":{"line":148,"type":"binary-expr","locations":[{"start":{"line":148,"column":45},"end":{"line":148,"column":79},"skip":true},{"start":{"line":148,"column":83},"end":{"line":157,"column":9},"skip":true}]},"15":{"line":159,"type":"binary-expr","locations":[{"start":{"line":159,"column":43},"end":{"line":159,"column":75},"skip":true},{"start":{"line":159,"column":79},"end":{"line":168,"column":9},"skip":true}]},"16":{"line":170,"type":"binary-expr","locations":[{"start":{"line":170,"column":41},"end":{"line":170,"column":71},"skip":true},{"start":{"line":170,"column":75},"end":{"line":179,"column":9},"skip":true}]}},"code":["/* istanbul instrument in package npmtest_tedious */","/*jslint","    bitwise: true,","    browser: true,","    maxerr: 8,","    maxlen: 96,","    node: true,","    nomen: true,","    regexp: true,","    stupid: true","*/","(function () {","    'use strict';","    var local;","","","","    // run shared js-env code - pre-init","    (function () {","        // init local","        local = {};","        // init modeJs","        local.modeJs = (function () {","            try {","                return typeof navigator.userAgent === 'string' &&","                    typeof document.querySelector('body') === 'object' &&","                    typeof XMLHttpRequest.prototype.open === 'function' &&","                    'browser';","            } catch (errorCaughtBrowser) {","                return module.exports &&","                    typeof process.versions.node === 'string' &&","                    typeof require('http').createServer === 'function' &&","                    'node';","            }","        }());","        // init global","        local.global = local.modeJs === 'browser'","            ? window","            : global;","        switch (local.modeJs) {","        // re-init local from window.local","        case 'browser':","            local = local.global.utility2.objectSetDefault(","                local.global.utility2_rollup || local.global.local,","                local.global.utility2","            );","            break;","        // re-init local from example.js","        case 'node':","            local = (local.global.utility2_rollup || require('utility2'))","                .requireExampleJsFromReadme();","            break;","        }","        // export local","        local.global.local = local;","    }());","","","","    // run shared js-env code - function","    (function () {","        return;","    }());","    switch (local.modeJs) {","","","","    // run browser js-env code - function","    case 'browser':","        break;","","","","    // run node js-env code - function","    case 'node':","        break;","    }","","","","    // run shared js-env code - post-init","    (function () {","        return;","    }());","    switch (local.modeJs) {","","","","    // run browser js-env code - post-init","    case 'browser':","        // run tests","        local.nop(local.modeTest &&","            document.querySelector('#testRunButton1') &&","            document.querySelector('#testRunButton1').click());","        break;","","","","    // run node js-env code - post-init","    /* istanbul ignore next */","    case 'node':","        local.testCase_buildApidoc_default = local.testCase_buildApidoc_default || function (","            options,","            onError","        ) {","        /*","         * this function will test buildApidoc's default handling-behavior-behavior","         */","            options = { modulePathList: module.paths };","            local.buildApidoc(options, onError);","        };","","        local.testCase_buildApp_default = local.testCase_buildApp_default || function (","            options,","            onError","        ) {","        /*","         * this function will test buildApp's default handling-behavior-behavior","         */","            local.testCase_buildReadme_default(options, local.onErrorThrow);","            local.testCase_buildLib_default(options, local.onErrorThrow);","            local.testCase_buildTest_default(options, local.onErrorThrow);","            local.testCase_buildCustomOrg_default(options, local.onErrorThrow);","            options = [];","            local.buildApp(options, onError);","        };","","        local.testCase_buildCustomOrg_default = local.testCase_buildCustomOrg_default ||","            function (options, onError) {","            /*","             * this function will test buildCustomOrg's default handling-behavior","             */","                options = {};","                local.buildCustomOrg(options, onError);","            };","","        local.testCase_buildLib_default = local.testCase_buildLib_default || function (","            options,","            onError","        ) {","        /*","         * this function will test buildLib's default handling-behavior","         */","            options = {};","            local.buildLib(options, onError);","        };","","        local.testCase_buildReadme_default = local.testCase_buildReadme_default || function (","            options,","            onError","        ) {","        /*","         * this function will test buildReadme's default handling-behavior-behavior","         */","            options = {};","            local.buildReadme(options, onError);","        };","","        local.testCase_buildTest_default = local.testCase_buildTest_default || function (","            options,","            onError","        ) {","        /*","         * this function will test buildTest's default handling-behavior","         */","            options = {};","            local.buildTest(options, onError);","        };","","        local.testCase_webpage_default = local.testCase_webpage_default || function (","            options,","            onError","        ) {","        /*","         * this function will test webpage's default handling-behavior","         */","            options = { modeCoverageMerge: true, url: local.serverLocalHost + '?modeTest=1' };","            local.browserTest(options, onError);","        };","","        // run test-server","        local.testRunServer(local);","        break;","    }","}());",""],"l":{"12":2,"14":2,"19":2,"21":2,"23":2,"24":2,"25":2,"30":1,"37":2,"40":2,"43":1,"47":1,"50":1,"52":1,"55":2,"61":2,"62":2,"64":2,"70":1,"76":1,"82":2,"83":2,"85":2,"92":1,"95":1,"102":1,"109":1,"110":1,"113":1,"120":1,"121":1,"122":1,"123":1,"124":1,"125":1,"128":1,"133":2,"134":2,"137":1,"144":2,"145":2,"148":1,"155":2,"156":2,"159":1,"166":2,"167":2,"170":1,"177":1,"178":1,"182":1,"183":1}},"/home/travis/build/npmtest/node-npmtest-tedious/lib.npmtest_tedious.js":{"path":"/home/travis/build/npmtest/node-npmtest-tedious/lib.npmtest_tedious.js","s":{"1":2,"2":2,"3":2,"4":2,"5":2,"6":2,"7":2,"8":1,"9":2,"10":2,"11":2,"12":2,"13":1,"14":1,"15":1,"16":1},"b":{"1":[2,1,1,1],"2":[1,1,1,1],"3":[1,1],"4":[2,2],"5":[1,1]},"f":{"1":2,"2":2,"3":2},"fnMap":{"1":{"name":"(anonymous_1)","line":12,"loc":{"start":{"line":12,"column":1},"end":{"line":12,"column":13}}},"2":{"name":"(anonymous_2)","line":19,"loc":{"start":{"line":19,"column":5},"end":{"line":19,"column":17}}},"3":{"name":"(anonymous_3)","line":23,"loc":{"start":{"line":23,"column":24},"end":{"line":23,"column":36}}}},"statementMap":{"1":{"start":{"line":12,"column":0},"end":{"line":53,"column":5}},"2":{"start":{"line":14,"column":4},"end":{"line":14,"column":14}},"3":{"start":{"line":19,"column":4},"end":{"line":52,"column":9}},"4":{"start":{"line":21,"column":8},"end":{"line":21,"column":19}},"5":{"start":{"line":23,"column":8},"end":{"line":35,"column":13}},"6":{"start":{"line":24,"column":12},"end":{"line":34,"column":13}},"7":{"start":{"line":25,"column":16},"end":{"line":28,"column":30}},"8":{"start":{"line":30,"column":16},"end":{"line":33,"column":27}},"9":{"start":{"line":37,"column":8},"end":{"line":39,"column":21}},"10":{"start":{"line":41,"column":8},"end":{"line":41,"column":54}},"11":{"start":{"line":43,"column":8},"end":{"line":43,"column":52}},"12":{"start":{"line":45,"column":8},"end":{"line":51,"column":9}},"13":{"start":{"line":46,"column":12},"end":{"line":46,"column":58}},"14":{"start":{"line":48,"column":12},"end":{"line":48,"column":35}},"15":{"start":{"line":49,"column":12},"end":{"line":49,"column":49}},"16":{"start":{"line":50,"column":12},"end":{"line":50,"column":43}}},"branchMap":{"1":{"line":25,"type":"binary-expr","locations":[{"start":{"line":25,"column":23},"end":{"line":25,"column":62}},{"start":{"line":26,"column":20},"end":{"line":26,"column":70}},{"start":{"line":27,"column":20},"end":{"line":27,"column":71}},{"start":{"line":28,"column":20},"end":{"line":28,"column":29}}]},"2":{"line":30,"type":"binary-expr","locations":[{"start":{"line":30,"column":23},"end":{"line":30,"column":37}},{"start":{"line":31,"column":20},"end":{"line":31,"column":61}},{"start":{"line":32,"column":20},"end":{"line":32,"column":70}},{"start":{"line":33,"column":20},"end":{"line":33,"column":26}}]},"3":{"line":37,"type":"cond-expr","locations":[{"start":{"line":38,"column":14},"end":{"line":38,"column":20}},{"start":{"line":39,"column":14},"end":{"line":39,"column":20}}]},"4":{"line":41,"type":"binary-expr","locations":[{"start":{"line":41,"column":16},"end":{"line":41,"column":44}},{"start":{"line":41,"column":48},"end":{"line":41,"column":53}}]},"5":{"line":45,"type":"if","locations":[{"start":{"line":45,"column":8},"end":{"line":45,"column":8}},{"start":{"line":45,"column":8},"end":{"line":45,"column":8}}]}},"code":["/* istanbul instrument in package npmtest_tedious */","/*jslint","    bitwise: true,","    browser: true,","    maxerr: 8,","    maxlen: 96,","    node: true,","    nomen: true,","    regexp: true,","    stupid: true","*/","(function () {","    'use strict';","    var local;","","","","    // run shared js-env code - pre-init","    (function () {","        // init local","        local = {};","        // init modeJs","        local.modeJs = (function () {","            try {","                return typeof navigator.userAgent === 'string' &&","                    typeof document.querySelector('body') === 'object' &&","                    typeof XMLHttpRequest.prototype.open === 'function' &&","                    'browser';","            } catch (errorCaughtBrowser) {","                return module.exports &&","                    typeof process.versions.node === 'string' &&","                    typeof require('http').createServer === 'function' &&","                    'node';","            }","        }());","        // init global","        local.global = local.modeJs === 'browser'","            ? window","            : global;","        // init utility2_rollup","        local = local.global.utility2_rollup || local;","        // init lib","        local.local = local.npmtest_tedious = local;","        // init exports","        if (local.modeJs === 'browser') {","            local.global.utility2_npmtest_tedious = local;","        } else {","            module.exports = local;","            module.exports.__dirname = __dirname;","            module.exports.module = module;","        }","    }());","}());",""],"l":{"12":2,"14":2,"19":2,"21":2,"23":2,"24":2,"25":2,"30":1,"37":2,"41":2,"43":2,"45":2,"46":1,"48":1,"49":1,"50":1}},"/home/travis/build/npmtest/node-npmtest-tedious/example.js":{"path":"/home/travis/build/npmtest/node-npmtest-tedious/example.js","s":{"1":2,"2":2,"3":2,"4":2,"5":2,"6":2,"7":2,"8":1,"9":2,"10":2,"11":2,"12":2,"13":1,"14":2,"15":2,"16":2,"17":2,"18":2,"19":0,"20":2,"21":1,"22":1,"23":1,"24":1,"25":1,"26":0,"27":0,"28":1,"29":1,"30":2,"31":0,"32":0,"33":0,"34":1,"35":2,"36":2,"37":2,"38":2,"39":2,"40":2,"41":0,"42":2,"43":2,"44":2,"45":1,"46":3,"47":1,"48":1,"49":1,"50":1,"51":1,"52":1,"53":1,"54":1,"55":1,"56":1,"57":0,"58":1,"59":6,"60":6,"61":1,"62":2,"63":0,"64":2,"65":1,"66":1,"67":0,"68":0,"69":0,"70":0,"71":0,"72":0,"73":0,"74":0,"75":0,"76":0,"77":0,"78":0,"79":0,"80":0,"81":0,"82":0,"83":0},"b":{"1":[2,1,1,1],"2":[1,1,1,1],"3":[1,1],"4":[2,2],"5":[1,1],"6":[1,1],"7":[2,0],"8":[2,1,1,1,1,1],"9":[0,2,0],"10":[1,1],"11":[2,1,1],"12":[1,0],"13":[0,2],"14":[2,0,0,0,0,0,0],"15":[0,2],"16":[2,0],"17":[1,1],"18":[0,1],"19":[1,2,0,2],"20":[1,0],"21":[1,1],"22":[0,0],"23":[0,0],"24":[0,0],"25":[0,0],"26":[0,0],"27":[0,0],"28":[0,0]},"f":{"1":2,"2":2,"3":2,"4":2,"5":2,"6":2,"7":2,"8":2,"9":3,"10":1,"11":6,"12":0},"fnMap":{"1":{"name":"(anonymous_1)","line":26,"loc":{"start":{"line":26,"column":1},"end":{"line":26,"column":13}}},"2":{"name":"(anonymous_2)","line":33,"loc":{"start":{"line":33,"column":5},"end":{"line":33,"column":17}}},"3":{"name":"(anonymous_3)","line":37,"loc":{"start":{"line":37,"column":24},"end":{"line":37,"column":36}}},"4":{"name":"(anonymous_4)","line":69,"loc":{"start":{"line":69,"column":31},"end":{"line":69,"column":48}},"skip":true},"5":{"name":"(anonymous_5)","line":78,"loc":{"start":{"line":78,"column":26},"end":{"line":78,"column":45}},"skip":true},"6":{"name":"(anonymous_6)","line":123,"loc":{"start":{"line":123,"column":33},"end":{"line":123,"column":48}},"skip":true},"7":{"name":"(anonymous_7)","line":125,"loc":{"start":{"line":125,"column":27},"end":{"line":125,"column":39}},"skip":true},"8":{"name":"(anonymous_8)","line":133,"loc":{"start":{"line":133,"column":59},"end":{"line":133,"column":74}},"skip":true},"9":{"name":"(anonymous_9)","line":143,"loc":{"start":{"line":143,"column":45},"end":{"line":143,"column":62}},"skip":true},"10":{"name":"(anonymous_10)","line":144,"loc":{"start":{"line":144,"column":73},"end":{"line":144,"column":92}},"skip":true},"11":{"name":"(anonymous_11)","line":272,"loc":{"start":{"line":272,"column":51},"end":{"line":272,"column":77}},"skip":true},"12":{"name":"(anonymous_12)","line":314,"loc":{"start":{"line":314,"column":32},"end":{"line":314,"column":61}},"skip":true}},"statementMap":{"1":{"start":{"line":26,"column":0},"end":{"line":325,"column":5}},"2":{"start":{"line":28,"column":4},"end":{"line":28,"column":14}},"3":{"start":{"line":33,"column":4},"end":{"line":60,"column":9}},"4":{"start":{"line":35,"column":8},"end":{"line":35,"column":19}},"5":{"start":{"line":37,"column":8},"end":{"line":49,"column":13}},"6":{"start":{"line":38,"column":12},"end":{"line":48,"column":13}},"7":{"start":{"line":39,"column":16},"end":{"line":42,"column":30}},"8":{"start":{"line":44,"column":16},"end":{"line":47,"column":27}},"9":{"start":{"line":51,"column":8},"end":{"line":53,"column":21}},"10":{"start":{"line":55,"column":8},"end":{"line":57,"column":45}},"11":{"start":{"line":59,"column":8},"end":{"line":59,"column":35}},"12":{"start":{"line":61,"column":4},"end":{"line":324,"column":5}},"13":{"start":{"line":69,"column":8},"end":{"line":121,"column":10},"skip":true},"14":{"start":{"line":70,"column":12},"end":{"line":88,"column":13},"skip":true},"15":{"start":{"line":76,"column":16},"end":{"line":87,"column":19},"skip":true},"16":{"start":{"line":79,"column":20},"end":{"line":86,"column":21},"skip":true},"17":{"start":{"line":82,"column":24},"end":{"line":82,"column":43},"skip":true},"18":{"start":{"line":83,"column":24},"end":{"line":83,"column":30},"skip":true},"19":{"start":{"line":85,"column":24},"end":{"line":85,"column":49},"skip":true},"20":{"start":{"line":89,"column":12},"end":{"line":107,"column":13},"skip":true},"21":{"start":{"line":92,"column":16},"end":{"line":102,"column":17},"skip":true},"22":{"start":{"line":93,"column":20},"end":{"line":93,"column":86},"skip":true},"23":{"start":{"line":94,"column":20},"end":{"line":95,"column":45},"skip":true},"24":{"start":{"line":96,"column":20},"end":{"line":96,"column":42},"skip":true},"25":{"start":{"line":97,"column":20},"end":{"line":97,"column":48},"skip":true},"26":{"start":{"line":100,"column":20},"end":{"line":100,"column":85},"skip":true},"27":{"start":{"line":101,"column":20},"end":{"line":101,"column":96},"skip":true},"28":{"start":{"line":103,"column":16},"end":{"line":103,"column":22},"skip":true},"29":{"start":{"line":106,"column":16},"end":{"line":106,"column":22},"skip":true},"30":{"start":{"line":108,"column":12},"end":{"line":120,"column":13},"skip":true},"31":{"start":{"line":114,"column":16},"end":{"line":119,"column":17},"skip":true},"32":{"start":{"line":116,"column":20},"end":{"line":116,"column":78},"skip":true},"33":{"start":{"line":118,"column":20},"end":{"line":118,"column":53},"skip":true},"34":{"start":{"line":123,"column":8},"end":{"line":141,"column":11},"skip":true},"35":{"start":{"line":124,"column":12},"end":{"line":124,"column":54},"skip":true},"36":{"start":{"line":125,"column":12},"end":{"line":140,"column":14},"skip":true},"37":{"start":{"line":126,"column":16},"end":{"line":126,"column":28},"skip":true},"38":{"start":{"line":127,"column":16},"end":{"line":127,"column":69},"skip":true},"39":{"start":{"line":128,"column":16},"end":{"line":128,"column":75},"skip":true},"40":{"start":{"line":129,"column":16},"end":{"line":131,"column":17},"skip":true},"41":{"start":{"line":130,"column":20},"end":{"line":130,"column":27},"skip":true},"42":{"start":{"line":133,"column":16},"end":{"line":137,"column":36},"skip":true},"43":{"start":{"line":134,"column":20},"end":{"line":136,"column":55},"skip":true},"44":{"start":{"line":139,"column":16},"end":{"line":139,"column":57},"skip":true},"45":{"start":{"line":143,"column":8},"end":{"line":147,"column":11},"skip":true},"46":{"start":{"line":144,"column":12},"end":{"line":146,"column":15},"skip":true},"47":{"start":{"line":145,"column":16},"end":{"line":145,"column":70},"skip":true},"48":{"start":{"line":149,"column":8},"end":{"line":149,"column":31},"skip":true},"49":{"start":{"line":150,"column":8},"end":{"line":150,"column":14},"skip":true},"50":{"start":{"line":158,"column":8},"end":{"line":158,"column":31},"skip":true},"51":{"start":{"line":160,"column":8},"end":{"line":160,"column":33},"skip":true},"52":{"start":{"line":161,"column":8},"end":{"line":161,"column":37},"skip":true},"53":{"start":{"line":162,"column":8},"end":{"line":162,"column":35},"skip":true},"54":{"start":{"line":164,"column":8},"end":{"line":164,"column":50},"skip":true},"55":{"start":{"line":166,"column":8},"end":{"line":256,"column":2},"skip":true},"56":{"start":{"line":258,"column":8},"end":{"line":286,"column":9},"skip":true},"57":{"start":{"line":259,"column":12},"end":{"line":269,"column":14},"skip":true},"58":{"start":{"line":271,"column":12},"end":{"line":285,"column":19},"skip":true},"59":{"start":{"line":274,"column":20},"end":{"line":274,"column":35},"skip":true},"60":{"start":{"line":275,"column":20},"end":{"line":284,"column":21},"skip":true},"61":{"start":{"line":277,"column":24},"end":{"line":277,"column":64},"skip":true},"62":{"start":{"line":279,"column":24},"end":{"line":279,"column":40},"skip":true},"63":{"start":{"line":281,"column":24},"end":{"line":281,"column":40},"skip":true},"64":{"start":{"line":283,"column":24},"end":{"line":283,"column":39},"skip":true},"65":{"start":{"line":288,"column":8},"end":{"line":290,"column":9},"skip":true},"66":{"start":{"line":289,"column":12},"end":{"line":289,"column":18},"skip":true},"67":{"start":{"line":291,"column":8},"end":{"line":293,"column":54},"skip":true},"68":{"start":{"line":294,"column":8},"end":{"line":301,"column":37},"skip":true},"69":{"start":{"line":302,"column":8},"end":{"line":302,"column":82},"skip":true},"70":{"start":{"line":305,"column":8},"end":{"line":307,"column":9},"skip":true},"71":{"start":{"line":306,"column":12},"end":{"line":306,"column":82},"skip":true},"72":{"start":{"line":309,"column":8},"end":{"line":311,"column":9},"skip":true},"73":{"start":{"line":310,"column":12},"end":{"line":310,"column":18},"skip":true},"74":{"start":{"line":312,"column":8},"end":{"line":312,"column":54},"skip":true},"75":{"start":{"line":313,"column":8},"end":{"line":313,"column":69},"skip":true},"76":{"start":{"line":314,"column":8},"end":{"line":322,"column":36},"skip":true},"77":{"start":{"line":315,"column":12},"end":{"line":315,"column":61},"skip":true},"78":{"start":{"line":316,"column":12},"end":{"line":319,"column":13},"skip":true},"79":{"start":{"line":317,"column":16},"end":{"line":317,"column":75},"skip":true},"80":{"start":{"line":318,"column":16},"end":{"line":318,"column":23},"skip":true},"81":{"start":{"line":320,"column":12},"end":{"line":320,"column":38},"skip":true},"82":{"start":{"line":321,"column":12},"end":{"line":321,"column":27},"skip":true},"83":{"start":{"line":323,"column":8},"end":{"line":323,"column":14},"skip":true}},"branchMap":{"1":{"line":39,"type":"binary-expr","locations":[{"start":{"line":39,"column":23},"end":{"line":39,"column":62}},{"start":{"line":40,"column":20},"end":{"line":40,"column":70}},{"start":{"line":41,"column":20},"end":{"line":41,"column":71}},{"start":{"line":42,"column":20},"end":{"line":42,"column":29}}]},"2":{"line":44,"type":"binary-expr","locations":[{"start":{"line":44,"column":23},"end":{"line":44,"column":37}},{"start":{"line":45,"column":20},"end":{"line":45,"column":61}},{"start":{"line":46,"column":20},"end":{"line":46,"column":70}},{"start":{"line":47,"column":20},"end":{"line":47,"column":26}}]},"3":{"line":51,"type":"cond-expr","locations":[{"start":{"line":52,"column":14},"end":{"line":52,"column":20}},{"start":{"line":53,"column":14},"end":{"line":53,"column":20}}]},"4":{"line":55,"type":"binary-expr","locations":[{"start":{"line":55,"column":16},"end":{"line":55,"column":44}},{"start":{"line":55,"column":49},"end":{"line":57,"column":43}}]},"5":{"line":55,"type":"cond-expr","locations":[{"start":{"line":56,"column":14},"end":{"line":56,"column":51}},{"start":{"line":57,"column":14},"end":{"line":57,"column":43}}]},"6":{"line":61,"type":"switch","locations":[{"start":{"line":68,"column":4},"end":{"line":150,"column":14},"skip":true},{"start":{"line":156,"column":4},"end":{"line":323,"column":14},"skip":true}]},"7":{"line":70,"type":"if","locations":[{"start":{"line":70,"column":12},"end":{"line":70,"column":12},"skip":true},{"start":{"line":70,"column":12},"end":{"line":70,"column":12},"skip":true}]},"8":{"line":70,"type":"binary-expr","locations":[{"start":{"line":70,"column":16},"end":{"line":70,"column":22},"skip":true},{"start":{"line":70,"column":27},"end":{"line":70,"column":32},"skip":true},{"start":{"line":71,"column":20},"end":{"line":71,"column":39},"skip":true},{"start":{"line":72,"column":20},"end":{"line":72,"column":49},"skip":true},{"start":{"line":73,"column":20},"end":{"line":73,"column":58},"skip":true},{"start":{"line":74,"column":20},"end":{"line":74,"column":69},"skip":true}]},"9":{"line":79,"type":"switch","locations":[{"start":{"line":80,"column":20},"end":{"line":80,"column":33},"skip":true},{"start":{"line":81,"column":20},"end":{"line":83,"column":30},"skip":true},{"start":{"line":84,"column":20},"end":{"line":85,"column":49},"skip":true}]},"10":{"line":89,"type":"switch","locations":[{"start":{"line":90,"column":12},"end":{"line":103,"column":22},"skip":true},{"start":{"line":105,"column":12},"end":{"line":106,"column":22},"skip":true}]},"11":{"line":89,"type":"binary-expr","locations":[{"start":{"line":89,"column":20},"end":{"line":89,"column":25},"skip":true},{"start":{"line":89,"column":29},"end":{"line":89,"column":48},"skip":true},{"start":{"line":89,"column":52},"end":{"line":89,"column":74},"skip":true}]},"12":{"line":92,"type":"if","locations":[{"start":{"line":92,"column":16},"end":{"line":92,"column":16},"skip":true},{"start":{"line":92,"column":16},"end":{"line":92,"column":16},"skip":true}]},"13":{"line":108,"type":"if","locations":[{"start":{"line":108,"column":12},"end":{"line":108,"column":12},"skip":true},{"start":{"line":108,"column":12},"end":{"line":108,"column":12},"skip":true}]},"14":{"line":108,"type":"binary-expr","locations":[{"start":{"line":108,"column":16},"end":{"line":108,"column":61},"skip":true},{"start":{"line":108,"column":66},"end":{"line":108,"column":72},"skip":true},{"start":{"line":108,"column":77},"end":{"line":108,"column":82},"skip":true},{"start":{"line":109,"column":20},"end":{"line":109,"column":39},"skip":true},{"start":{"line":110,"column":20},"end":{"line":110,"column":49},"skip":true},{"start":{"line":111,"column":20},"end":{"line":111,"column":58},"skip":true},{"start":{"line":112,"column":20},"end":{"line":112,"column":68},"skip":true}]},"15":{"line":129,"type":"if","locations":[{"start":{"line":129,"column":16},"end":{"line":129,"column":16},"skip":true},{"start":{"line":129,"column":16},"end":{"line":129,"column":16},"skip":true}]},"16":{"line":134,"type":"cond-expr","locations":[{"start":{"line":135,"column":26},"end":{"line":135,"column":29},"skip":true},{"start":{"line":136,"column":26},"end":{"line":136,"column":54},"skip":true}]},"17":{"line":164,"type":"binary-expr","locations":[{"start":{"line":164,"column":27},"end":{"line":164,"column":43},"skip":true},{"start":{"line":164,"column":47},"end":{"line":164,"column":49},"skip":true}]},"18":{"line":258,"type":"if","locations":[{"start":{"line":258,"column":8},"end":{"line":258,"column":8},"skip":true},{"start":{"line":258,"column":8},"end":{"line":258,"column":8},"skip":true}]},"19":{"line":275,"type":"switch","locations":[{"start":{"line":276,"column":20},"end":{"line":277,"column":64},"skip":true},{"start":{"line":278,"column":20},"end":{"line":279,"column":40},"skip":true},{"start":{"line":280,"column":20},"end":{"line":281,"column":40},"skip":true},{"start":{"line":282,"column":20},"end":{"line":283,"column":39},"skip":true}]},"20":{"line":288,"type":"if","locations":[{"start":{"line":288,"column":8},"end":{"line":288,"column":8},"skip":true},{"start":{"line":288,"column":8},"end":{"line":288,"column":8},"skip":true}]},"21":{"line":288,"type":"binary-expr","locations":[{"start":{"line":288,"column":12},"end":{"line":288,"column":40},"skip":true},{"start":{"line":288,"column":44},"end":{"line":288,"column":67},"skip":true}]},"22":{"line":292,"type":"binary-expr","locations":[{"start":{"line":292,"column":12},"end":{"line":292,"column":50},"skip":true},{"start":{"line":293,"column":12},"end":{"line":293,"column":53},"skip":true}]},"23":{"line":295,"type":"binary-expr","locations":[{"start":{"line":295,"column":12},"end":{"line":295,"column":65},"skip":true},{"start":{"line":296,"column":12},"end":{"line":301,"column":36},"skip":true}]},"24":{"line":302,"type":"binary-expr","locations":[{"start":{"line":302,"column":43},"end":{"line":302,"column":75},"skip":true},{"start":{"line":302,"column":79},"end":{"line":302,"column":81},"skip":true}]},"25":{"line":305,"type":"if","locations":[{"start":{"line":305,"column":8},"end":{"line":305,"column":8},"skip":true},{"start":{"line":305,"column":8},"end":{"line":305,"column":8},"skip":true}]},"26":{"line":309,"type":"if","locations":[{"start":{"line":309,"column":8},"end":{"line":309,"column":8},"skip":true},{"start":{"line":309,"column":8},"end":{"line":309,"column":8},"skip":true}]},"27":{"line":312,"type":"binary-expr","locations":[{"start":{"line":312,"column":27},"end":{"line":312,"column":43},"skip":true},{"start":{"line":312,"column":47},"end":{"line":312,"column":53},"skip":true}]},"28":{"line":316,"type":"if","locations":[{"start":{"line":316,"column":12},"end":{"line":316,"column":12},"skip":true},{"start":{"line":316,"column":12},"end":{"line":316,"column":12},"skip":true}]}},"code":["/*","example.js","","quickstart example","","instruction","    1. save this script as example.js","    2. run the shell command:","        $ npm install npmtest-tedious && PORT=8081 node example.js","    3. play with the browser-demo on http://127.0.0.1:8081","*/","","","","/* istanbul instrument in package npmtest_tedious */","/*jslint","    bitwise: true,","    browser: true,","    maxerr: 8,","    maxlen: 96,","    node: true,","    nomen: true,","    regexp: true,","    stupid: true","*/","(function () {","    'use strict';","    var local;","","","","    // run shared js-env code - pre-init","    (function () {","        // init local","        local = {};","        // init modeJs","        local.modeJs = (function () {","            try {","                return typeof navigator.userAgent === 'string' &&","                    typeof document.querySelector('body') === 'object' &&","                    typeof XMLHttpRequest.prototype.open === 'function' &&","                    'browser';","            } catch (errorCaughtBrowser) {","                return module.exports &&","                    typeof process.versions.node === 'string' &&","                    typeof require('http').createServer === 'function' &&","                    'node';","            }","        }());","        // init global","        local.global = local.modeJs === 'browser'","            ? window","            : global;","        // init utility2_rollup","        local = local.global.utility2_rollup || (local.modeJs === 'browser'","            ? local.global.utility2_npmtest_tedious","            : global.utility2_moduleExports);","        // export local","        local.global.local = local;","    }());","    switch (local.modeJs) {","","","","    // post-init","    // run browser js-env code - post-init","    /* istanbul ignore next */","    case 'browser':","        local.testRunBrowser = function (event) {","            if (!event || (event &&","                    event.currentTarget &&","                    event.currentTarget.className &&","                    event.currentTarget.className.includes &&","                    event.currentTarget.className.includes('onreset'))) {","                // reset output","                Array.from(","                    document.querySelectorAll('body > .resettable')","                ).forEach(function (element) {","                    switch (element.tagName) {","                    case 'INPUT':","                    case 'TEXTAREA':","                        element.value = '';","                        break;","                    default:","                        element.textContent = '';","                    }","                });","            }","            switch (event && event.currentTarget && event.currentTarget.id) {","            case 'testRunButton1':","                // show tests","                if (document.querySelector('#testReportDiv1').style.display === 'none') {","                    document.querySelector('#testReportDiv1').style.display = 'block';","                    document.querySelector('#testRunButton1').textContent =","                        'hide internal test';","                    local.modeTest = true;","                    local.testRunDefault(local);","                // hide tests","                } else {","                    document.querySelector('#testReportDiv1').style.display = 'none';","                    document.querySelector('#testRunButton1').textContent = 'run internal test';","                }","                break;","            // custom-case","            default:","                break;","            }","            if (document.querySelector('#inputTextareaEval1') && (!event || (event &&","                    event.currentTarget &&","                    event.currentTarget.className &&","                    event.currentTarget.className.includes &&","                    event.currentTarget.className.includes('oneval')))) {","                // try to eval input-code","                try {","                    /*jslint evil: true*/","                    eval(document.querySelector('#inputTextareaEval1').value);","                } catch (errorCaught) {","                    console.error(errorCaught.stack);","                }","            }","        };","        // log stderr and stdout to #outputTextareaStdout1","        ['error', 'log'].forEach(function (key) {","            console[key + '_original'] = console[key];","            console[key] = function () {","                var element;","                console[key + '_original'].apply(console, arguments);","                element = document.querySelector('#outputTextareaStdout1');","                if (!element) {","                    return;","                }","                // append text to #outputTextareaStdout1","                element.value += Array.from(arguments).map(function (arg) {","                    return typeof arg === 'string'","                        ? arg","                        : JSON.stringify(arg, null, 4);","                }).join(' ') + '\\n';","                // scroll textarea to bottom","                element.scrollTop = element.scrollHeight;","            };","        });","        // init event-handling","        ['change', 'click', 'keyup'].forEach(function (event) {","            Array.from(document.querySelectorAll('.on' + event)).forEach(function (element) {","                element.addEventListener(event, local.testRunBrowser);","            });","        });","        // run tests","        local.testRunBrowser();","        break;","","","","    // run node js-env code - post-init","    /* istanbul ignore next */","    case 'node':","        // export local","        module.exports = local;","        // require modules","        local.fs = require('fs');","        local.http = require('http');","        local.url = require('url');","        // init assets","        local.assetsDict = local.assetsDict || {};","        /* jslint-ignore-begin */","        local.assetsDict['/assets.index.template.html'] = '\\","<!doctype html>\\n\\","<html lang=\"en\">\\n\\","<head>\\n\\","<meta charset=\"UTF-8\">\\n\\","<meta name=\"viewport\" content=\"width=device-width, initial-scale=1\">\\n\\","<title>{{env.npm_package_name}} (v{{env.npm_package_version}})</title>\\n\\","<style>\\n\\","/*csslint\\n\\","    box-sizing: false,\\n\\","    universal-selector: false\\n\\","*/\\n\\","* {\\n\\","    box-sizing: border-box;\\n\\","}\\n\\","body {\\n\\","    background: #dde;\\n\\","    font-family: Arial, Helvetica, sans-serif;\\n\\","    margin: 2rem;\\n\\","}\\n\\","body > * {\\n\\","    margin-bottom: 1rem;\\n\\","}\\n\\",".utility2FooterDiv {\\n\\","    margin-top: 20px;\\n\\","    text-align: center;\\n\\","}\\n\\","</style>\\n\\","<style>\\n\\","/*csslint\\n\\","*/\\n\\","textarea {\\n\\","    font-family: monospace;\\n\\","    height: 10rem;\\n\\","    width: 100%;\\n\\","}\\n\\","textarea[readonly] {\\n\\","    background: #ddd;\\n\\","}\\n\\","</style>\\n\\","</head>\\n\\","<body>\\n\\","<!-- utility2-comment\\n\\","<div id=\"ajaxProgressDiv1\" style=\"background: #d00; height: 2px; left: 0; margin: 0; padding: 0; position: fixed; top: 0; transition: background 0.5s, width 1.5s; width: 25%;\"></div>\\n\\","utility2-comment -->\\n\\","<h1>\\n\\","<!-- utility2-comment\\n\\","    <a\\n\\","        {{#if env.npm_package_homepage}}\\n\\","        href=\"{{env.npm_package_homepage}}\"\\n\\","        {{/if env.npm_package_homepage}}\\n\\","        target=\"_blank\"\\n\\","    >\\n\\","utility2-comment -->\\n\\","        {{env.npm_package_name}} (v{{env.npm_package_version}})\\n\\","<!-- utility2-comment\\n\\","    </a>\\n\\","utility2-comment -->\\n\\","</h1>\\n\\","<h3>{{env.npm_package_description}}</h3>\\n\\","<!-- utility2-comment\\n\\","<h4><a download href=\"assets.app.js\">download standalone app</a></h4>\\n\\","<button class=\"onclick onreset\" id=\"testRunButton1\">run internal test</button><br>\\n\\","<div id=\"testReportDiv1\" style=\"display: none;\"></div>\\n\\","utility2-comment -->\\n\\","\\n\\","\\n\\","\\n\\","<label>stderr and stdout</label>\\n\\","<textarea class=\"resettable\" id=\"outputTextareaStdout1\" readonly></textarea>\\n\\","<!-- utility2-comment\\n\\","{{#if isRollup}}\\n\\","<script src=\"assets.app.js\"></script>\\n\\","{{#unless isRollup}}\\n\\","utility2-comment -->\\n\\","<script src=\"assets.utility2.rollup.js\"></script>\\n\\","<script src=\"jsonp.utility2._stateInit?callback=window.utility2._stateInit\"></script>\\n\\","<script src=\"assets.npmtest_tedious.rollup.js\"></script>\\n\\","<script src=\"assets.example.js\"></script>\\n\\","<script src=\"assets.test.js\"></script>\\n\\","<!-- utility2-comment\\n\\","{{/if isRollup}}\\n\\","utility2-comment -->\\n\\","<div class=\"utility2FooterDiv\">\\n\\","    [ this app was created with\\n\\","    <a href=\"https://github.com/kaizhu256/node-utility2\" target=\"_blank\">utility2</a>\\n\\","    ]\\n\\","</div>\\n\\","</body>\\n\\","</html>\\n\\","';","        /* jslint-ignore-end */","        if (local.templateRender) {","            local.assetsDict['/'] = local.templateRender(","                local.assetsDict['/assets.index.template.html'],","                {","                    env: local.objectSetDefault(local.env, {","                        npm_package_description: 'the greatest app in the world!',","                        npm_package_name: 'my-app',","                        npm_package_nameAlias: 'my_app',","                        npm_package_version: '0.0.1'","                    })","                }","            );","        } else {","            local.assetsDict['/'] = local.assetsDict['/assets.index.template.html']","                .replace((/\\{\\{env\\.(\\w+?)\\}\\}/g), function (match0, match1) {","                    // jslint-hack","                    String(match0);","                    switch (match1) {","                    case 'npm_package_description':","                        return 'the greatest app in the world!';","                    case 'npm_package_name':","                        return 'my-app';","                    case 'npm_package_nameAlias':","                        return 'my_app';","                    case 'npm_package_version':","                        return '0.0.1';","                    }","                });","        }","        // run the cli","        if (local.global.utility2_rollup || module !== require.main) {","            break;","        }","        local.assetsDict['/assets.example.js'] =","            local.assetsDict['/assets.example.js'] ||","            local.fs.readFileSync(__filename, 'utf8');","        local.assetsDict['/assets.npmtest_tedious.rollup.js'] =","            local.assetsDict['/assets.npmtest_tedious.rollup.js'] ||","            local.fs.readFileSync(","                // buildCustomOrg-hack","                local.npmtest_tedious.__dirname +","                    '/lib.npmtest_tedious.js',","                'utf8'","            ).replace((/^#!/), '//');","        local.assetsDict['/favicon.ico'] = local.assetsDict['/favicon.ico'] || '';","        // if $npm_config_timeout_exit exists,","        // then exit this process after $npm_config_timeout_exit ms","        if (Number(process.env.npm_config_timeout_exit)) {","            setTimeout(process.exit, Number(process.env.npm_config_timeout_exit));","        }","        // start server","        if (local.global.utility2_serverHttp1) {","            break;","        }","        process.env.PORT = process.env.PORT || '8081';","        console.error('server starting on port ' + process.env.PORT);","        local.http.createServer(function (request, response) {","            request.urlParsed = local.url.parse(request.url);","            if (local.assetsDict[request.urlParsed.pathname] !== undefined) {","                response.end(local.assetsDict[request.urlParsed.pathname]);","                return;","            }","            response.statusCode = 404;","            response.end();","        }).listen(process.env.PORT);","        break;","    }","}());",""],"l":{"26":2,"28":2,"33":2,"35":2,"37":2,"38":2,"39":2,"44":1,"51":2,"55":2,"59":2,"61":2,"69":1,"70":2,"76":2,"79":2,"82":2,"83":2,"85":1,"89":2,"92":1,"93":1,"94":1,"96":1,"97":1,"100":1,"101":1,"103":1,"106":1,"108":2,"114":1,"116":1,"118":1,"123":1,"124":2,"125":2,"126":2,"127":2,"128":2,"129":2,"130":1,"133":2,"134":2,"139":2,"143":1,"144":3,"145":1,"149":1,"150":1,"158":1,"160":1,"161":1,"162":1,"164":1,"166":1,"258":1,"259":1,"271":1,"274":6,"275":6,"277":1,"279":2,"281":1,"283":2,"288":1,"289":1,"291":1,"294":1,"302":1,"305":1,"306":1,"309":1,"310":1,"312":1,"313":1,"314":1,"315":1,"316":1,"317":1,"318":1,"320":1,"321":1,"323":1}},"/home/travis/build/npmtest/node-npmtest-tedious/tedious/lib/tedious.js":{"path":"/home/travis/build/npmtest/node-npmtest-tedious/tedious/lib/tedious.js","s":{"1":1,"2":1,"3":1,"4":1,"5":1,"6":1,"7":1,"8":1,"9":1},"b":{},"f":{},"fnMap":{},"statementMap":{"1":{"start":{"line":3,"column":0},"end":{"line":3,"column":49}},"2":{"start":{"line":4,"column":0},"end":{"line":4,"column":52}},"3":{"start":{"line":5,"column":0},"end":{"line":5,"column":46}},"4":{"start":{"line":6,"column":0},"end":{"line":6,"column":46}},"5":{"start":{"line":8,"column":0},"end":{"line":8,"column":69}},"6":{"start":{"line":9,"column":0},"end":{"line":9,"column":63}},"7":{"start":{"line":11,"column":0},"end":{"line":11,"column":57}},"8":{"start":{"line":12,"column":0},"end":{"line":12,"column":74}},"9":{"start":{"line":13,"column":0},"end":{"line":13,"column":64}}},"branchMap":{},"code":["'use strict';","","module.exports.BulkLoad = require('./bulk-load');","module.exports.Connection = require('./connection');","module.exports.Request = require('./request');","module.exports.library = require('./library');","","module.exports.ConnectionError = require('./errors').ConnectionError;","module.exports.RequestError = require('./errors').RequestError;","","module.exports.TYPES = require('./data-type').typeByName;","module.exports.ISOLATION_LEVEL = require('./transaction').ISOLATION_LEVEL;","module.exports.TDS_VERSION = require('./tds-versions').versions;"],"l":{"3":1,"4":1,"5":1,"6":1,"8":1,"9":1,"11":1,"12":1,"13":1}},"/home/travis/build/npmtest/node-npmtest-tedious/tedious/lib/bulk-load.js":{"path":"/home/travis/build/npmtest/node-npmtest-tedious/tedious/lib/bulk-load.js","s":{"1":1,"2":1,"3":1,"4":1,"5":1,"6":1,"7":1,"8":1,"9":1,"10":1,"11":1,"12":5,"13":1,"14":1,"15":1,"16":1,"17":1,"18":1,"19":1,"20":1,"21":0,"22":0,"23":0,"24":0,"25":0,"26":0,"27":0,"28":0,"29":0,"30":0,"31":0,"32":0,"33":1,"34":0,"35":0,"36":0,"37":0,"38":0,"39":0,"40":0,"41":0,"42":0,"43":0,"44":0,"45":0,"46":0,"47":0,"48":0,"49":0,"50":0,"51":0,"52":0,"53":0,"54":0,"55":0,"56":0,"57":0,"58":0,"59":0,"60":0,"61":0,"62":0,"63":0,"64":0,"65":0,"66":0,"67":0,"68":0,"69":0,"70":0,"71":0,"72":0,"73":0,"74":0,"75":0,"76":0,"77":0,"78":0,"79":0,"80":0,"81":0,"82":0,"83":0,"84":0,"85":0,"86":0,"87":0,"88":0,"89":0,"90":0,"91":0,"92":0,"93":0,"94":0,"95":0,"96":0,"97":0,"98":0,"99":0,"100":0,"101":0,"102":0,"103":0,"104":0,"105":0,"106":0,"107":0,"108":0,"109":0,"110":0,"111":0,"112":0,"113":0,"114":0,"115":0,"116":1},"b":{"1":[5,0],"2":[5,5],"3":[0,0],"4":[0,0],"5":[0,0],"6":[0,0],"7":[0,0],"8":[0,0],"9":[0,0],"10":[0,0],"11":[0,0],"12":[0,0],"13":[0,0],"14":[0,0],"15":[0,0],"16":[0,0],"17":[0,0],"18":[0,0,0],"19":[0,0],"20":[0,0],"21":[0,0],"22":[0,0],"23":[0,0],"24":[0,0],"25":[0,0],"26":[0,0],"27":[0,0],"28":[0,0],"29":[0,0]},"f":{"1":5,"2":1,"3":0,"4":0,"5":0,"6":0,"7":0,"8":0,"9":0},"fnMap":{"1":{"name":"_interopRequireDefault","line":23,"loc":{"start":{"line":23,"column":0},"end":{"line":23,"column":37}}},"2":{"name":"(anonymous_2)","line":53,"loc":{"start":{"line":53,"column":17},"end":{"line":53,"column":42}}},"3":{"name":"BulkLoad","line":56,"loc":{"start":{"line":56,"column":2},"end":{"line":56,"column":47}}},"4":{"name":"addColumn","line":76,"loc":{"start":{"line":76,"column":11},"end":{"line":76,"column":51}}},"5":{"name":"addRow","line":121,"loc":{"start":{"line":121,"column":11},"end":{"line":121,"column":32}}},"6":{"name":"getBulkInsertSql","line":151,"loc":{"start":{"line":151,"column":11},"end":{"line":151,"column":39}}},"7":{"name":"getTableCreationSql","line":165,"loc":{"start":{"line":165,"column":11},"end":{"line":165,"column":42}}},"8":{"name":"getPayload","line":182,"loc":{"start":{"line":182,"column":11},"end":{"line":182,"column":33}}},"9":{"name":"getColMetaData","line":215,"loc":{"start":{"line":215,"column":11},"end":{"line":215,"column":37}}}},"statementMap":{"1":{"start":{"line":3,"column":0},"end":{"line":3,"column":79}},"2":{"start":{"line":5,"column":0},"end":{"line":5,"column":63}},"3":{"start":{"line":7,"column":0},"end":{"line":7,"column":71}},"4":{"start":{"line":9,"column":0},"end":{"line":9,"column":64}},"5":{"start":{"line":11,"column":0},"end":{"line":11,"column":65}},"6":{"start":{"line":13,"column":0},"end":{"line":13,"column":58}},"7":{"start":{"line":15,"column":0},"end":{"line":15,"column":93}},"8":{"start":{"line":17,"column":0},"end":{"line":17,"column":86}},"9":{"start":{"line":19,"column":0},"end":{"line":19,"column":59}},"10":{"start":{"line":21,"column":0},"end":{"line":21,"column":52}},"11":{"start":{"line":23,"column":0},"end":{"line":23,"column":95}},"12":{"start":{"line":23,"column":39},"end":{"line":23,"column":93}},"13":{"start":{"line":25,"column":0},"end":{"line":25,"column":50}},"14":{"start":{"line":26,"column":0},"end":{"line":26,"column":97}},"15":{"start":{"line":27,"column":0},"end":{"line":27,"column":47}},"16":{"start":{"line":29,"column":0},"end":{"line":41,"column":2}},"17":{"start":{"line":43,"column":0},"end":{"line":51,"column":2}},"18":{"start":{"line":53,"column":0},"end":{"line":250,"column":16}},"19":{"start":{"line":54,"column":2},"end":{"line":54,"column":51}},"20":{"start":{"line":56,"column":2},"end":{"line":72,"column":3}},"21":{"start":{"line":57,"column":4},"end":{"line":57,"column":50}},"22":{"start":{"line":59,"column":4},"end":{"line":59,"column":139}},"23":{"start":{"line":61,"column":4},"end":{"line":61,"column":28}},"24":{"start":{"line":62,"column":4},"end":{"line":62,"column":27}},"25":{"start":{"line":64,"column":4},"end":{"line":64,"column":24}},"26":{"start":{"line":65,"column":4},"end":{"line":65,"column":29}},"27":{"start":{"line":66,"column":4},"end":{"line":66,"column":30}},"28":{"start":{"line":67,"column":4},"end":{"line":67,"column":23}},"29":{"start":{"line":68,"column":4},"end":{"line":68,"column":29}},"30":{"start":{"line":69,"column":4},"end":{"line":69,"column":68}},"31":{"start":{"line":70,"column":4},"end":{"line":70,"column":34}},"32":{"start":{"line":71,"column":4},"end":{"line":71,"column":17}},"33":{"start":{"line":74,"column":2},"end":{"line":248,"column":6}},"34":{"start":{"line":77,"column":6},"end":{"line":79,"column":7}},"35":{"start":{"line":78,"column":8},"end":{"line":78,"column":21}},"36":{"start":{"line":81,"column":6},"end":{"line":83,"column":7}},"37":{"start":{"line":82,"column":8},"end":{"line":82,"column":104}},"38":{"start":{"line":85,"column":6},"end":{"line":95,"column":8}},"39":{"start":{"line":97,"column":6},"end":{"line":101,"column":7}},"40":{"start":{"line":98,"column":8},"end":{"line":100,"column":9}},"41":{"start":{"line":99,"column":10},"end":{"line":99,"column":53}},"42":{"start":{"line":103,"column":6},"end":{"line":107,"column":7}},"43":{"start":{"line":104,"column":8},"end":{"line":106,"column":9}},"44":{"start":{"line":105,"column":10},"end":{"line":105,"column":59}},"45":{"start":{"line":109,"column":6},"end":{"line":113,"column":7}},"46":{"start":{"line":110,"column":8},"end":{"line":112,"column":9}},"47":{"start":{"line":111,"column":10},"end":{"line":111,"column":51}},"48":{"start":{"line":115,"column":6},"end":{"line":115,"column":32}},"49":{"start":{"line":117,"column":6},"end":{"line":117,"column":47}},"50":{"start":{"line":122,"column":6},"end":{"line":122,"column":34}},"51":{"start":{"line":124,"column":6},"end":{"line":132,"column":7}},"52":{"start":{"line":126,"column":8},"end":{"line":126,"column":50}},"53":{"start":{"line":127,"column":8},"end":{"line":130,"column":9}},"54":{"start":{"line":128,"column":10},"end":{"line":128,"column":31}},"55":{"start":{"line":129,"column":10},"end":{"line":129,"column":25}},"56":{"start":{"line":131,"column":8},"end":{"line":131,"column":22}},"57":{"start":{"line":135,"column":6},"end":{"line":135,"column":47}},"58":{"start":{"line":138,"column":6},"end":{"line":138,"column":37}},"59":{"start":{"line":139,"column":6},"end":{"line":147,"column":7}},"60":{"start":{"line":140,"column":8},"end":{"line":140,"column":34}},"61":{"start":{"line":141,"column":8},"end":{"line":146,"column":25}},"62":{"start":{"line":152,"column":6},"end":{"line":152,"column":50}},"63":{"start":{"line":153,"column":6},"end":{"line":159,"column":7}},"64":{"start":{"line":154,"column":8},"end":{"line":154,"column":32}},"65":{"start":{"line":155,"column":8},"end":{"line":157,"column":9}},"66":{"start":{"line":156,"column":10},"end":{"line":156,"column":22}},"67":{"start":{"line":158,"column":8},"end":{"line":158,"column":59}},"68":{"start":{"line":160,"column":6},"end":{"line":160,"column":17}},"69":{"start":{"line":161,"column":6},"end":{"line":161,"column":17}},"70":{"start":{"line":166,"column":6},"end":{"line":166,"column":53}},"71":{"start":{"line":167,"column":6},"end":{"line":176,"column":7}},"72":{"start":{"line":168,"column":8},"end":{"line":168,"column":32}},"73":{"start":{"line":169,"column":8},"end":{"line":171,"column":9}},"74":{"start":{"line":170,"column":10},"end":{"line":170,"column":23}},"75":{"start":{"line":172,"column":8},"end":{"line":172,"column":59}},"76":{"start":{"line":173,"column":8},"end":{"line":175,"column":9}},"77":{"start":{"line":174,"column":10},"end":{"line":174,"column":58}},"78":{"start":{"line":177,"column":6},"end":{"line":177,"column":19}},"79":{"start":{"line":178,"column":6},"end":{"line":178,"column":17}},"80":{"start":{"line":184,"column":6},"end":{"line":184,"column":43}},"81":{"start":{"line":185,"column":6},"end":{"line":185,"column":35}},"82":{"start":{"line":188,"column":6},"end":{"line":188,"column":36}},"83":{"start":{"line":189,"column":6},"end":{"line":189,"column":28}},"84":{"start":{"line":193,"column":6},"end":{"line":193,"column":86}},"85":{"start":{"line":194,"column":6},"end":{"line":194,"column":39}},"86":{"start":{"line":195,"column":6},"end":{"line":195,"column":37}},"87":{"start":{"line":196,"column":6},"end":{"line":196,"column":33}},"88":{"start":{"line":197,"column":6},"end":{"line":197,"column":28}},"89":{"start":{"line":198,"column":6},"end":{"line":198,"column":28}},"90":{"start":{"line":199,"column":6},"end":{"line":201,"column":7}},"91":{"start":{"line":200,"column":8},"end":{"line":200,"column":30}},"92":{"start":{"line":203,"column":6},"end":{"line":203,"column":27}},"93":{"start":{"line":204,"column":6},"end":{"line":204,"column":28}},"94":{"start":{"line":207,"column":6},"end":{"line":207,"column":55}},"95":{"start":{"line":208,"column":6},"end":{"line":208,"column":33}},"96":{"start":{"line":209,"column":6},"end":{"line":209,"column":29}},"97":{"start":{"line":210,"column":6},"end":{"line":210,"column":29}},"98":{"start":{"line":211,"column":6},"end":{"line":211,"column":21}},"99":{"start":{"line":216,"column":6},"end":{"line":216,"column":61}},"100":{"start":{"line":218,"column":6},"end":{"line":218,"column":46}},"101":{"start":{"line":220,"column":6},"end":{"line":220,"column":46}},"102":{"start":{"line":222,"column":6},"end":{"line":245,"column":7}},"103":{"start":{"line":223,"column":8},"end":{"line":223,"column":32}},"104":{"start":{"line":225,"column":8},"end":{"line":229,"column":9}},"105":{"start":{"line":226,"column":10},"end":{"line":226,"column":32}},"106":{"start":{"line":228,"column":10},"end":{"line":228,"column":32}},"107":{"start":{"line":232,"column":8},"end":{"line":232,"column":46}},"108":{"start":{"line":233,"column":8},"end":{"line":237,"column":9}},"109":{"start":{"line":234,"column":10},"end":{"line":234,"column":34}},"110":{"start":{"line":235,"column":15},"end":{"line":237,"column":9}},"111":{"start":{"line":236,"column":10},"end":{"line":236,"column":41}},"112":{"start":{"line":238,"column":8},"end":{"line":238,"column":34}},"113":{"start":{"line":241,"column":8},"end":{"line":241,"column":52}},"114":{"start":{"line":244,"column":8},"end":{"line":244,"column":43}},"115":{"start":{"line":246,"column":6},"end":{"line":246,"column":23}},"116":{"start":{"line":249,"column":2},"end":{"line":249,"column":18}}},"branchMap":{"1":{"line":23,"type":"cond-expr","locations":[{"start":{"line":23,"column":70},"end":{"line":23,"column":73}},{"start":{"line":23,"column":76},"end":{"line":23,"column":92}}]},"2":{"line":23,"type":"binary-expr","locations":[{"start":{"line":23,"column":46},"end":{"line":23,"column":49}},{"start":{"line":23,"column":53},"end":{"line":23,"column":67}}]},"3":{"line":59,"type":"binary-expr","locations":[{"start":{"line":59,"column":64},"end":{"line":59,"column":82}},{"start":{"line":59,"column":86},"end":{"line":59,"column":125}}]},"4":{"line":77,"type":"if","locations":[{"start":{"line":77,"column":6},"end":{"line":77,"column":6}},{"start":{"line":77,"column":6},"end":{"line":77,"column":6}}]},"5":{"line":81,"type":"if","locations":[{"start":{"line":81,"column":6},"end":{"line":81,"column":6}},{"start":{"line":81,"column":6},"end":{"line":81,"column":6}}]},"6":{"line":89,"type":"binary-expr","locations":[{"start":{"line":89,"column":16},"end":{"line":89,"column":30}},{"start":{"line":89,"column":35},"end":{"line":89,"column":57}}]},"7":{"line":93,"type":"binary-expr","locations":[{"start":{"line":93,"column":17},"end":{"line":93,"column":32}},{"start":{"line":93,"column":36},"end":{"line":93,"column":40}}]},"8":{"line":97,"type":"if","locations":[{"start":{"line":97,"column":6},"end":{"line":97,"column":6}},{"start":{"line":97,"column":6},"end":{"line":97,"column":6}}]},"9":{"line":98,"type":"if","locations":[{"start":{"line":98,"column":8},"end":{"line":98,"column":8}},{"start":{"line":98,"column":8},"end":{"line":98,"column":8}}]},"10":{"line":98,"type":"binary-expr","locations":[{"start":{"line":98,"column":12},"end":{"line":98,"column":38}},{"start":{"line":98,"column":42},"end":{"line":98,"column":60}}]},"11":{"line":103,"type":"if","locations":[{"start":{"line":103,"column":6},"end":{"line":103,"column":6}},{"start":{"line":103,"column":6},"end":{"line":103,"column":6}}]},"12":{"line":104,"type":"if","locations":[{"start":{"line":104,"column":8},"end":{"line":104,"column":8}},{"start":{"line":104,"column":8},"end":{"line":104,"column":8}}]},"13":{"line":104,"type":"binary-expr","locations":[{"start":{"line":104,"column":12},"end":{"line":104,"column":41}},{"start":{"line":104,"column":45},"end":{"line":104,"column":66}}]},"14":{"line":109,"type":"if","locations":[{"start":{"line":109,"column":6},"end":{"line":109,"column":6}},{"start":{"line":109,"column":6},"end":{"line":109,"column":6}}]},"15":{"line":110,"type":"if","locations":[{"start":{"line":110,"column":8},"end":{"line":110,"column":8}},{"start":{"line":110,"column":8},"end":{"line":110,"column":8}}]},"16":{"line":110,"type":"binary-expr","locations":[{"start":{"line":110,"column":12},"end":{"line":110,"column":37}},{"start":{"line":110,"column":41},"end":{"line":110,"column":58}}]},"17":{"line":124,"type":"if","locations":[{"start":{"line":124,"column":6},"end":{"line":124,"column":6}},{"start":{"line":124,"column":6},"end":{"line":124,"column":6}}]},"18":{"line":124,"type":"binary-expr","locations":[{"start":{"line":124,"column":10},"end":{"line":124,"column":30}},{"start":{"line":124,"column":34},"end":{"line":124,"column":38}},{"start":{"line":124,"column":42},"end":{"line":124,"column":65}}]},"19":{"line":145,"type":"cond-expr","locations":[{"start":{"line":145,"column":27},"end":{"line":145,"column":29}},{"start":{"line":145,"column":32},"end":{"line":145,"column":42}}]},"20":{"line":155,"type":"if","locations":[{"start":{"line":155,"column":8},"end":{"line":155,"column":8}},{"start":{"line":155,"column":8},"end":{"line":155,"column":8}}]},"21":{"line":169,"type":"if","locations":[{"start":{"line":169,"column":8},"end":{"line":169,"column":8}},{"start":{"line":169,"column":8},"end":{"line":169,"column":8}}]},"22":{"line":173,"type":"if","locations":[{"start":{"line":173,"column":8},"end":{"line":173,"column":8}},{"start":{"line":173,"column":8},"end":{"line":173,"column":8}}]},"23":{"line":174,"type":"cond-expr","locations":[{"start":{"line":174,"column":37},"end":{"line":174,"column":43}},{"start":{"line":174,"column":46},"end":{"line":174,"column":56}}]},"24":{"line":193,"type":"cond-expr","locations":[{"start":{"line":193,"column":78},"end":{"line":193,"column":79}},{"start":{"line":193,"column":82},"end":{"line":193,"column":84}}]},"25":{"line":199,"type":"if","locations":[{"start":{"line":199,"column":6},"end":{"line":199,"column":6}},{"start":{"line":199,"column":6},"end":{"line":199,"column":6}}]},"26":{"line":225,"type":"if","locations":[{"start":{"line":225,"column":8},"end":{"line":225,"column":8}},{"start":{"line":225,"column":8},"end":{"line":225,"column":8}}]},"27":{"line":233,"type":"if","locations":[{"start":{"line":233,"column":8},"end":{"line":233,"column":8}},{"start":{"line":233,"column":8},"end":{"line":233,"column":8}}]},"28":{"line":235,"type":"if","locations":[{"start":{"line":235,"column":15},"end":{"line":235,"column":15}},{"start":{"line":235,"column":15},"end":{"line":235,"column":15}}]},"29":{"line":235,"type":"binary-expr","locations":[{"start":{"line":235,"column":19},"end":{"line":235,"column":43}},{"start":{"line":235,"column":47},"end":{"line":235,"column":79}}]}},"code":["'use strict';","","var _getPrototypeOf = require('babel-runtime/core-js/object/get-prototype-of');","","var _getPrototypeOf2 = _interopRequireDefault(_getPrototypeOf);","","var _classCallCheck2 = require('babel-runtime/helpers/classCallCheck');","","var _classCallCheck3 = _interopRequireDefault(_classCallCheck2);","","var _createClass2 = require('babel-runtime/helpers/createClass');","","var _createClass3 = _interopRequireDefault(_createClass2);","","var _possibleConstructorReturn2 = require('babel-runtime/helpers/possibleConstructorReturn');","","var _possibleConstructorReturn3 = _interopRequireDefault(_possibleConstructorReturn2);","","var _inherits2 = require('babel-runtime/helpers/inherits');","","var _inherits3 = _interopRequireDefault(_inherits2);","","function _interopRequireDefault(obj) { return obj && obj.__esModule ? obj : { default: obj }; }","","var EventEmitter = require('events').EventEmitter;","var WritableTrackingBuffer = require('./tracking-buffer/tracking-buffer').WritableTrackingBuffer;","var TOKEN_TYPE = require('./token/token').TYPE;","","var FLAGS = {","  nullable: 1 << 0,","  caseSen: 1 << 1,","  updateableReadWrite: 1 << 2,","  updateableUnknown: 1 << 3,","  identity: 1 << 4,","  computed: 1 << 5, // introduced in TDS 7.2","  fixedLenCLRType: 1 << 8, // introduced in TDS 7.2","  sparseColumnSet: 1 << 10, // introduced in TDS 7.3.B","  hidden: 1 << 13, // introduced in TDS 7.2","  key: 1 << 14, // introduced in TDS 7.2","  nullableUnknown: 1 << 15 // introduced in TDS 7.2","};","","var DONE_STATUS = {","  FINAL: 0x00,","  MORE: 0x1,","  ERROR: 0x2,","  INXACT: 0x4,","  COUNT: 0x10,","  ATTN: 0x20,","  SRVERROR: 0x100","};","","module.exports = function (_EventEmitter) {","  (0, _inherits3.default)(BulkLoad, _EventEmitter);","","  function BulkLoad(table, options1, callback) {","    (0, _classCallCheck3.default)(this, BulkLoad);","","    var _this = (0, _possibleConstructorReturn3.default)(this, (BulkLoad.__proto__ || (0, _getPrototypeOf2.default)(BulkLoad)).call(this));","","    _this.error = undefined;","    _this.canceled = false;","","    _this.table = table;","    _this.options = options1;","    _this.callback = callback;","    _this.columns = [];","    _this.columnsByName = {};","    _this.rowsData = new WritableTrackingBuffer(1024, 'ucs2', true);","    _this.firstRowWritten = false;","    return _this;","  }","","  (0, _createClass3.default)(BulkLoad, [{","    key: 'addColumn',","    value: function addColumn(name, type, options) {","      if (options == null) {","        options = {};","      }","","      if (this.firstRowWritten) {","        throw new Error('Columns cannot be added to bulk insert after the first row has been written.');","      }","","      var column = {","        type: type,","        name: name,","        value: null,","        output: options.output || (options.output = false),","        length: options.length,","        precision: options.precision,","        scale: options.scale,","        objName: options.objName || name,","        nullable: options.nullable","      };","","      if ((type.id & 0x30) === 0x20) {","        if (column.length == undefined && type.resolveLength) {","          column.length = type.resolveLength(column);","        }","      }","","      if (type.hasPrecision) {","        if (column.precision == undefined && type.resolvePrecision) {","          column.precision = type.resolvePrecision(column);","        }","      }","","      if (type.hasScale) {","        if (column.scale == undefined && type.resolveScale) {","          column.scale = type.resolveScale(column);","        }","      }","","      this.columns.push(column);","","      return this.columnsByName[name] = column;","    }","  }, {","    key: 'addRow',","    value: function addRow(row) {","      this.firstRowWritten = true;","","      if (arguments.length > 1 || !row || typeof row !== 'object') {","        // convert arguments to array in a way the optimizer can handle","        var arrTemp = new Array(arguments.length);","        for (var i = 0, len = arguments.length; i < len; i++) {","          var c = arguments[i];","          arrTemp[i] = c;","        }","        row = arrTemp;","      }","","      // write row token","      this.rowsData.writeUInt8(TOKEN_TYPE.ROW);","","      // write each column","      var arr = row instanceof Array;","      for (var _i = 0, _len = this.columns.length; _i < _len; _i++) {","        var _c = this.columns[_i];","        _c.type.writeParameterData(this.rowsData, {","          length: _c.length,","          scale: _c.scale,","          precision: _c.precision,","          value: row[arr ? _i : _c.objName]","        }, this.options);","      }","    }","  }, {","    key: 'getBulkInsertSql',","    value: function getBulkInsertSql() {","      var sql = 'insert bulk ' + this.table + '(';","      for (var i = 0, len = this.columns.length; i < len; i++) {","        var c = this.columns[i];","        if (i !== 0) {","          sql += ', ';","        }","        sql += '[' + c.name + '] ' + c.type.declaration(c);","      }","      sql += ')';","      return sql;","    }","  }, {","    key: 'getTableCreationSql',","    value: function getTableCreationSql() {","      var sql = 'CREATE TABLE ' + this.table + '(\\n';","      for (var i = 0, len = this.columns.length; i < len; i++) {","        var c = this.columns[i];","        if (i !== 0) {","          sql += ',\\n';","        }","        sql += '[' + c.name + '] ' + c.type.declaration(c);","        if (c.nullable !== undefined) {","          sql += ' ' + (c.nullable ? 'NULL' : 'NOT NULL');","        }","      }","      sql += '\\n)';","      return sql;","    }","  }, {","    key: 'getPayload',","    value: function getPayload() {","      // Create COLMETADATA token","      var metaData = this.getColMetaData();","      var length = metaData.length;","","      // row data","      var rows = this.rowsData.data;","      length += rows.length;","","      // Create DONE token","      // It might be nice to make DoneToken a class if anything needs to create them, but for now, just do it here","      var tBuf = new WritableTrackingBuffer(this.options.tdsVersion < '7_2' ? 9 : 13);","      tBuf.writeUInt8(TOKEN_TYPE.DONE);","      var status = DONE_STATUS.FINAL;","      tBuf.writeUInt16LE(status);","      tBuf.writeUInt16LE(0); // CurCmd (TDS ignores this)","      tBuf.writeUInt32LE(0); // row count - doesn't really matter","      if (this.options.tdsVersion >= '7_2') {","        tBuf.writeUInt32LE(0); // row count is 64 bits in >= TDS 7.2","      }","","      var done = tBuf.data;","      length += done.length;","","      // composite payload","      var payload = new WritableTrackingBuffer(length);","      payload.copyFrom(metaData);","      payload.copyFrom(rows);","      payload.copyFrom(done);","      return payload;","    }","  }, {","    key: 'getColMetaData',","    value: function getColMetaData() {","      var tBuf = new WritableTrackingBuffer(100, null, true);","      // TokenType","      tBuf.writeUInt8(TOKEN_TYPE.COLMETADATA);","      // Count","      tBuf.writeUInt16LE(this.columns.length);","","      for (var j = 0, len = this.columns.length; j < len; j++) {","        var c = this.columns[j];","        // UserType","        if (this.options.tdsVersion < '7_2') {","          tBuf.writeUInt16LE(0);","        } else {","          tBuf.writeUInt32LE(0);","        }","","        // Flags","        var flags = FLAGS.updateableReadWrite;","        if (c.nullable) {","          flags |= FLAGS.nullable;","        } else if (c.nullable === undefined && this.options.tdsVersion >= '7_2') {","          flags |= FLAGS.nullableUnknown;","        }","        tBuf.writeUInt16LE(flags);","","        // TYPE_INFO","        c.type.writeTypeInfo(tBuf, c, this.options);","","        // ColName","        tBuf.writeBVarchar(c.name, 'ucs2');","      }","      return tBuf.data;","    }","  }]);","  return BulkLoad;","}(EventEmitter);"],"l":{"3":1,"5":1,"7":1,"9":1,"11":1,"13":1,"15":1,"17":1,"19":1,"21":1,"23":5,"25":1,"26":1,"27":1,"29":1,"43":1,"53":1,"54":1,"56":1,"57":0,"59":0,"61":0,"62":0,"64":0,"65":0,"66":0,"67":0,"68":0,"69":0,"70":0,"71":0,"74":1,"77":0,"78":0,"81":0,"82":0,"85":0,"97":0,"98":0,"99":0,"103":0,"104":0,"105":0,"109":0,"110":0,"111":0,"115":0,"117":0,"122":0,"124":0,"126":0,"127":0,"128":0,"129":0,"131":0,"135":0,"138":0,"139":0,"140":0,"141":0,"152":0,"153":0,"154":0,"155":0,"156":0,"158":0,"160":0,"161":0,"166":0,"167":0,"168":0,"169":0,"170":0,"172":0,"173":0,"174":0,"177":0,"178":0,"184":0,"185":0,"188":0,"189":0,"193":0,"194":0,"195":0,"196":0,"197":0,"198":0,"199":0,"200":0,"203":0,"204":0,"207":0,"208":0,"209":0,"210":0,"211":0,"216":0,"218":0,"220":0,"222":0,"223":0,"225":0,"226":0,"228":0,"232":0,"233":0,"234":0,"235":0,"236":0,"238":0,"241":0,"244":0,"246":0,"249":1}},"/home/travis/build/npmtest/node-npmtest-tedious/tedious/lib/tracking-buffer/tracking-buffer.js":{"path":"/home/travis/build/npmtest/node-npmtest-tedious/tedious/lib/tracking-buffer/tracking-buffer.js","s":{"1":1,"2":1},"b":{},"f":{},"fnMap":{},"statementMap":{"1":{"start":{"line":3,"column":0},"end":{"line":3,"column":78}},"2":{"start":{"line":4,"column":0},"end":{"line":4,"column":78}}},"branchMap":{},"code":["'use strict';","","module.exports.ReadableTrackingBuffer = require('./readable-tracking-buffer');","module.exports.WritableTrackingBuffer = require('./writable-tracking-buffer');"],"l":{"3":1,"4":1}},"/home/travis/build/npmtest/node-npmtest-tedious/tedious/lib/tracking-buffer/readable-tracking-buffer.js":{"path":"/home/travis/build/npmtest/node-npmtest-tedious/tedious/lib/tracking-buffer/readable-tracking-buffer.js","s":{"1":1,"2":1,"3":1,"4":1,"5":1,"6":2,"7":1,"8":1,"9":1,"10":0,"11":0,"12":0,"13":0,"14":0,"15":0,"16":0,"17":0,"18":1,"19":0,"20":0,"21":0,"22":0,"23":0,"24":0,"25":0,"26":0,"27":0,"28":0,"29":0,"30":0,"31":0,"32":0,"33":0,"34":0,"35":0,"36":0,"37":0,"38":0,"39":0,"40":0,"41":0,"42":0,"43":0,"44":0,"45":0,"46":0,"47":0,"48":0,"49":0,"50":0,"51":0,"52":0,"53":0,"54":0,"55":0,"56":0,"57":0,"58":0,"59":0,"60":0,"61":0,"62":0,"63":0,"64":0,"65":0,"66":0,"67":0,"68":0,"69":0,"70":0,"71":0,"72":0,"73":0,"74":0,"75":0,"76":0,"77":0,"78":0,"79":0,"80":0,"81":0,"82":0,"83":0,"84":0,"85":0,"86":0,"87":0,"88":0,"89":0,"90":0,"91":0,"92":0,"93":0,"94":0,"95":0,"96":0,"97":0,"98":0,"99":0,"100":0,"101":0,"102":0,"103":0,"104":0,"105":0,"106":0,"107":0,"108":0,"109":0,"110":0,"111":0,"112":0,"113":0,"114":0,"115":0,"116":0,"117":0,"118":0,"119":0,"120":0,"121":0,"122":0,"123":0,"124":1},"b":{"1":[2,0],"2":[2,2],"3":[0,0],"4":[0,0],"5":[0,0],"6":[0,0],"7":[0,0],"8":[0,0],"9":[0,0],"10":[0,0],"11":[0,0]},"f":{"1":2,"2":1,"3":0,"4":0,"5":0,"6":0,"7":0,"8":0,"9":0,"10":0,"11":0,"12":0,"13":0,"14":0,"15":0,"16":0,"17":0,"18":0,"19":0,"20":0,"21":0,"22":0,"23":0,"24":0,"25":0,"26":0,"27":0,"28":0,"29":0,"30":0,"31":0,"32":0},"fnMap":{"1":{"name":"_interopRequireDefault","line":11,"loc":{"start":{"line":11,"column":0},"end":{"line":11,"column":37}}},"2":{"name":"(anonymous_2)","line":22,"loc":{"start":{"line":22,"column":17},"end":{"line":22,"column":29}}},"3":{"name":"ReadableTrackingBuffer","line":23,"loc":{"start":{"line":23,"column":2},"end":{"line":23,"column":52}}},"4":{"name":"add","line":38,"loc":{"start":{"line":38,"column":11},"end":{"line":38,"column":32}}},"5":{"name":"assertEnoughLeftFor","line":44,"loc":{"start":{"line":44,"column":11},"end":{"line":44,"column":56}}},"6":{"name":"empty","line":55,"loc":{"start":{"line":55,"column":11},"end":{"line":55,"column":28}}},"7":{"name":"rollback","line":60,"loc":{"start":{"line":60,"column":11},"end":{"line":60,"column":31}}},"8":{"name":"readUInt8","line":65,"loc":{"start":{"line":65,"column":11},"end":{"line":65,"column":32}}},"9":{"name":"readUInt16LE","line":73,"loc":{"start":{"line":73,"column":11},"end":{"line":73,"column":35}}},"10":{"name":"readUInt16BE","line":81,"loc":{"start":{"line":81,"column":11},"end":{"line":81,"column":35}}},"11":{"name":"readUInt32LE","line":89,"loc":{"start":{"line":89,"column":11},"end":{"line":89,"column":35}}},"12":{"name":"readUInt32BE","line":97,"loc":{"start":{"line":97,"column":11},"end":{"line":97,"column":35}}},"13":{"name":"readInt8","line":105,"loc":{"start":{"line":105,"column":11},"end":{"line":105,"column":31}}},"14":{"name":"readInt16LE","line":113,"loc":{"start":{"line":113,"column":11},"end":{"line":113,"column":34}}},"15":{"name":"readInt16BE","line":121,"loc":{"start":{"line":121,"column":11},"end":{"line":121,"column":34}}},"16":{"name":"readInt32LE","line":129,"loc":{"start":{"line":129,"column":11},"end":{"line":129,"column":34}}},"17":{"name":"readInt32BE","line":137,"loc":{"start":{"line":137,"column":11},"end":{"line":137,"column":34}}},"18":{"name":"readFloatLE","line":145,"loc":{"start":{"line":145,"column":11},"end":{"line":145,"column":34}}},"19":{"name":"readDoubleLE","line":153,"loc":{"start":{"line":153,"column":11},"end":{"line":153,"column":35}}},"20":{"name":"readUInt24LE","line":161,"loc":{"start":{"line":161,"column":11},"end":{"line":161,"column":35}}},"21":{"name":"readUInt40LE","line":172,"loc":{"start":{"line":172,"column":11},"end":{"line":172,"column":35}}},"22":{"name":"readUInt64LE","line":182,"loc":{"start":{"line":182,"column":11},"end":{"line":182,"column":35}}},"23":{"name":"readUNumeric64LE","line":192,"loc":{"start":{"line":192,"column":11},"end":{"line":192,"column":39}}},"24":{"name":"readUNumeric96LE","line":199,"loc":{"start":{"line":199,"column":11},"end":{"line":199,"column":39}}},"25":{"name":"readUNumeric128LE","line":207,"loc":{"start":{"line":207,"column":11},"end":{"line":207,"column":40}}},"26":{"name":"readString","line":216,"loc":{"start":
[...]
');","      // No fBeginXact flag, so no new transaction is started.","      buffer.writeUInt8(0);","","      return {","        data: buffer.data,","        toString: function toString() {","          return 'Commit Transaction: name=' + _this2.name;","        }","      };","    }","  }, {","    key: 'rollbackPayload',","    value: function rollbackPayload(txnDescriptor) {","      var _this3 = this;","","      var buffer = new WritableTrackingBuffer(100, 'ascii');","      writeAllHeaders(buffer, txnDescriptor, this.outstandingRequestCount);","      buffer.writeUShort(OPERATION_TYPE.TM_ROLLBACK_XACT);","      buffer.writeUInt8(this.name.length * 2);","      buffer.writeString(this.name, 'ucs2');","      // No fBeginXact flag, so no new transaction is started.","      buffer.writeUInt8(0);","","      return {","        data: buffer.data,","        toString: function toString() {","          return 'Rollback Transaction: name=' + _this3.name;","        }","      };","    }","  }, {","    key: 'savePayload',","    value: function savePayload(txnDescriptor) {","      var _this4 = this;","","      var buffer = new WritableTrackingBuffer(100, 'ascii');","      writeAllHeaders(buffer, txnDescriptor, this.outstandingRequestCount);","      buffer.writeUShort(OPERATION_TYPE.TM_SAVE_XACT);","      buffer.writeUInt8(this.name.length * 2);","      buffer.writeString(this.name, 'ucs2');","","      return {","        data: buffer.data,","        toString: function toString() {","          return 'Save Transaction: name=' + _this4.name;","        }","      };","    }","  }, {","    key: 'isolationLevelToTSQL',","    value: function isolationLevelToTSQL() {","      switch (this.isolationLevel) {","        case ISOLATION_LEVEL.READ_UNCOMMITTED:","          return 'READ UNCOMMITTED';","        case ISOLATION_LEVEL.READ_COMMITTED:","          return 'READ COMMITTED';","        case ISOLATION_LEVEL.REPEATABLE_READ:","          return 'REPEATABLE READ';","        case ISOLATION_LEVEL.SERIALIZABLE:","          return 'SERIALIZABLE';","        case ISOLATION_LEVEL.SNAPSHOT:","          return 'SNAPSHOT';","      }","      return '';","    }","  }]);","  return Transaction;","}();","","module.exports.Transaction = Transaction;"],"l":{"3":1,"5":1,"7":1,"9":1,"11":2,"13":1,"14":1,"20":1,"30":1,"39":1,"40":1,"41":6,"42":6,"45":1,"46":1,"47":0,"49":0,"50":0,"51":0,"54":1,"57":0,"59":0,"60":0,"61":0,"62":0,"63":0,"64":0,"66":0,"69":0,"76":0,"78":0,"79":0,"80":0,"81":0,"82":0,"84":0,"86":0,"89":0,"96":0,"98":0,"99":0,"100":0,"101":0,"102":0,"104":0,"106":0,"109":0,"116":0,"118":0,"119":0,"120":0,"121":0,"122":0,"124":0,"127":0,"134":0,"136":0,"138":0,"140":0,"142":0,"144":0,"146":0,"149":1,"152":1}},"/home/travis/build/npmtest/node-npmtest-tedious/tedious/lib/connector.js":{"path":"/home/travis/build/npmtest/node-npmtest-tedious/tedious/lib/connector.js","s":{"1":1,"2":1,"3":1,"4":1,"5":1,"6":1,"7":1,"8":3,"9":1,"10":1,"11":1,"12":1,"13":0,"14":0,"15":0,"16":1,"17":0,"18":0,"19":0,"20":0,"21":0,"22":0,"23":0,"24":0,"25":0,"26":0,"27":0,"28":0,"29":0,"30":0,"31":0,"32":0,"33":0,"34":0,"35":0,"36":0,"37":0,"38":0,"39":1,"40":1,"41":1,"42":0,"43":0,"44":0,"45":1,"46":0,"47":0,"48":0,"49":0,"50":0,"51":0,"52":0,"53":0,"54":0,"55":0,"56":0,"57":0,"58":0,"59":0,"60":0,"61":0,"62":0,"63":0,"64":0,"65":0,"66":0,"67":0,"68":1,"69":1,"70":1,"71":0,"72":0,"73":0,"74":1,"75":0,"76":0,"77":0,"78":0,"79":0,"80":0,"81":0,"82":0,"83":0,"84":0,"85":0,"86":0,"87":0,"88":0,"89":0,"90":0,"91":0,"92":0,"93":1,"94":1,"95":1,"96":1},"b":{"1":[3,0],"2":[3,3],"3":[0,0],"4":[0,0],"5":[0,0],"6":[0,0],"7":[0,0],"8":[0,0]},"f":{"1":3,"2":1,"3":0,"4":0,"5":0,"6":0,"7":0,"8":0,"9":0,"10":1,"11":0,"12":0,"13":0,"14":0,"15":1,"16":0,"17":0,"18":0,"19":0},"fnMap":{"1":{"name":"_interopRequireDefault","line":15,"loc":{"start":{"line":15,"column":0},"end":{"line":15,"column":37}}},"2":{"name":"(anonymous_2)","line":20,"loc":{"start":{"line":20,"column":16},"end":{"line":20,"column":28}}},"3":{"name":"Connector","line":21,"loc":{"start":{"line":21,"column":2},"end":{"line":21,"column":51}}},"4":{"name":"execute","line":30,"loc":{"start":{"line":30,"column":11},"end":{"line":30,"column":32}}},"5":{"name":"executeForIP","line":39,"loc":{"start":{"line":39,"column":11},"end":{"line":39,"column":37}}},"6":{"name":"onError","line":42,"loc":{"start":{"line":42,"column":20},"end":{"line":42,"column":42}}},"7":{"name":"onConnect","line":51,"loc":{"start":{"line":51,"column":22},"end":{"line":51,"column":43}}},"8":{"name":"executeForHostname","line":63,"loc":{"start":{"line":63,"column":11},"end":{"line":63,"column":43}}},"9":{"name":"(anonymous_9)","line":66,"loc":{"start":{"line":66,"column":51},"end":{"line":66,"column":77}}},"10":{"name":"(anonymous_10)","line":82,"loc":{"start":{"line":82,"column":33},"end":{"line":82,"column":45}}},"11":{"name":"ParallelConnectionStrategy","line":83,"loc":{"start":{"line":83,"column":2},"end":{"line":83,"column":58}}},"12":{"name":"connect","line":92,"loc":{"start":{"line":92,"column":11},"end":{"line":92,"column":38}}},"13":{"name":"onError","line":97,"loc":{"start":{"line":97,"column":20},"end":{"line":97,"column":42}}},"14":{"name":"onConnect","line":108,"loc":{"start":{"line":108,"column":22},"end":{"line":108,"column":43}}},"15":{"name":"(anonymous_15)","line":137,"loc":{"start":{"line":137,"column":35},"end":{"line":137,"column":47}}},"16":{"name":"SequentialConnectionStrategy","line":138,"loc":{"start":{"line":138,"column":2},"end":{"line":138,"column":60}}},"17":{"name":"connect","line":147,"loc":{"start":{"line":147,"column":11},"end":{"line":147,"column":38}}},"18":{"name":"onError","line":163,"loc":{"start":{"line":163,"column":20},"end":{"line":163,"column":42}}},"19":{"name":"onConnect","line":172,"loc":{"start":{"line":172,"column":22},"end":{"line":172,"column":43}}}},"statementMap":{"1":{"start":{"line":3,"column":0},"end":{"line":3,"column":61}},"2":{"start":{"line":5,"column":0},"end":{"line":5,"column":47}},"3":{"start":{"line":7,"column":0},"end":{"line":7,"column":71}},"4":{"start":{"line":9,"column":0},"end":{"line":9,"column":64}},"5":{"start":{"line":11,"column":0},"end":{"line":11,"column":65}},"6":{"start":{"line":13,"column":0},"end":{"line":13,"column":58}},"7":{"start":{"line":15,"column":0},"end":{"line":15,"column":95}},"8":{"start":{"line":15,"column":39},"end":{"line":15,"column":93}},"9":{"start":{"line":17,"column":0},"end":{"line":17,"column":25}},"10":{"start":{"line":18,"column":0},"end":{"line":18,"column":25}},"11":{"start":{"line":20,"column":0},"end":{"line":80,"column":4}},"12":{"start":{"line":21,"column":2},"end":{"line":26,"column":3}},"13":{"start":{"line":22,"column":4},"end":{"line":22,"column":51}},"14":{"start":{"line":24,"column":4},"end":{"line":24,"column":27}},"15":{"start":{"line":25,"column":4},"end":{"line":25,"column":51}},"16":{"start":{"line":28,"column":2},"end":{"line":78,"column":6}},"17":{"start":{"line":31,"column":6},"end":{"line":35,"column":7}},"18":{"start":{"line":32,"column":8},"end":{"line":32,"column":30}},"19":{"start":{"line":34,"column":8},"end":{"line":34,"column":36}},"20":{"start":{"line":40,"column":6},"end":{"line":40,"column":45}},"21":{"start":{"line":42,"column":6},"end":{"line":49,"column":8}},"22":{"start":{"line":43,"column":8},"end":{"line":43,"column":48}},"23":{"start":{"line":44,"column":8},"end":{"line":44,"column":52}},"24":{"start":{"line":46,"column":8},"end":{"line":46,"column":25}},"25":{"start":{"line":48,"column":8},"end":{"line":48,"column":16}},"26":{"start":{"line":51,"column":6},"end":{"line":56,"column":8}},"27":{"start":{"line":52,"column":8},"end":{"line":52,"column":48}},"28":{"start":{"line":53,"column":8},"end":{"line":53,"column":52}},"29":{"start":{"line":55,"column":8},"end":{"line":55,"column":25}},"30":{"start":{"line":58,"column":6},"end":{"line":58,"column":34}},"31":{"start":{"line":59,"column":6},"end":{"line":59,"column":38}},"32":{"start":{"line":64,"column":6},"end":{"line":64,"column":23}},"33":{"start":{"line":66,"column":6},"end":{"line":76,"column":9}},"34":{"start":{"line":67,"column":8},"end":{"line":69,"column":9}},"35":{"start":{"line":68,"column":10},"end":{"line":68,"column":25}},"36":{"start":{"line":71,"column":8},"end":{"line":75,"column":9}},"37":{"start":{"line":72,"column":10},"end":{"line":72,"column":79}},"38":{"start":{"line":74,"column":10},"end":{"line":74,"column":81}},"39":{"start":{"line":79,"column":2},"end":{"line":79,"column":19}},"40":{"start":{"line":82,"column":0},"end":{"line":135,"column":4}},"41":{"start":{"line":83,"column":2},"end":{"line":88,"column":3}},"42":{"start":{"line":84,"column":4},"end":{"line":84,"column":68}},"43":{"start":{"line":86,"column":4},"end":{"line":86,"column":31}},"44":{"start":{"line":87,"column":4},"end":{"line":87,"column":27}},"45":{"start":{"line":90,"column":2},"end":{"line":133,"column":6}},"46":{"start":{"line":93,"column":6},"end":{"line":93,"column":37}},"47":{"start":{"line":94,"column":6},"end":{"line":94,"column":48}},"48":{"start":{"line":96,"column":6},"end":{"line":96,"column":25}},"49":{"start":{"line":97,"column":6},"end":{"line":106,"column":8}},"50":{"start":{"line":98,"column":8},"end":{"line":98,"column":24}},"51":{"start":{"line":100,"column":8},"end":{"line":100,"column":46}},"52":{"start":{"line":101,"column":8},"end":{"line":101,"column":50}},"53":{"start":{"line":103,"column":8},"end":{"line":105,"column":9}},"54":{"start":{"line":104,"column":10},"end":{"line":104,"column":62}},"55":{"start":{"line":108,"column":6},"end":{"line":122,"column":8}},"56":{"start":{"line":109,"column":8},"end":{"line":119,"column":9}},"57":{"start":{"line":110,"column":10},"end":{"line":110,"column":34}},"58":{"start":{"line":112,"column":10},"end":{"line":114,"column":11}},"59":{"start":{"line":113,"column":12},"end":{"line":113,"column":21}},"60":{"start":{"line":116,"column":10},"end":{"line":116,"column":50}},"61":{"start":{"line":117,"column":10},"end":{"line":117,"column":54}},"62":{"start":{"line":118,"column":10},"end":{"line":118,"column":27}},"63":{"start":{"line":121,"column":8},"end":{"line":121,"column":29}},"64":{"start":{"line":124,"column":6},"end":{"line":131,"column":7}},"65":{"start":{"line":125,"column":8},"end":{"line":127,"column":12}},"66":{"start":{"line":129,"column":8},"end":{"line":129,"column":36}},"67":{"start":{"line":130,"column":8},"end":{"line":130,"column":40}},"68":{"start":{"line":134,"column":2},"end":{"line":134,"column":36}},"69":{"start":{"line":137,"column":0},"end":{"line":184,"column":4}},"70":{"start":{"line":138,"column":2},"end":{"line":143,"column":3}},"71":{"start":{"line":139,"column":4},"end":{"line":139,"column":70}},"72":{"start":{"line":141,"column":4},"end":{"line":141,"column":31}},"73":{"start":{"line":142,"column":4},"end":{"line":142,"column":27}},"74":{"start":{"line":145,"column":2},"end":{"line":182,"column":6}},"75":{"start":{"line":148,"column":6},"end":{"line":148,"column":24}},"76":{"start":{"line":150,"column":6},"end":{"line":150,"column":37}},"77":{"start":{"line":152,"column":6},"end":{"line":155,"column":7}},"78":{"start":{"line":153,"column":8},"end":{"line":153,"column":60}},"79":{"start":{"line":154,"column":8},"end":{"line":154,"column":15}},"80":{"start":{"line":157,"column":6},"end":{"line":157,"column":35}},"81":{"start":{"line":159,"column":6},"end":{"line":161,"column":10}},"82":{"start":{"line":163,"column":6},"end":{"line":170,"column":8}},"83":{"start":{"line":164,"column":8},"end":{"line":164,"column":48}},"84":{"start":{"line":165,"column":8},"end":{"line":165,"column":52}},"85":{"start":{"line":167,"column":8},"end":{"line":167,"column":25}},"86":{"start":{"line":169,"column":8},"end":{"line":169,"column":33}},"87":{"start":{"line":172,"column":6},"end":{"line":177,"column":8}},"88":{"start":{"line":173,"column":8},"end":{"line":173,"column":48}},"89":{"start":{"line":174,"column":8},"end":{"line":174,"column":52}},"90":{"start":{"line":176,"column":8},"end":{"line":176,"column":31}},"91":{"start":{"line":179,"column":6},"end":{"line":179,"column":34}},"92":{"start":{"line":180,"column":6},"end":{"line":180,"column":38}},"93":{"start":{"line":183,"column":2},"end":{"line":183,"column":38}},"94":{"start":{"line":186,"column":0},"end":{"line":186,"column":37}},"95":{"start":{"line":187,"column":0},"end":{"line":187,"column":71}},"96":{"start":{"line":188,"column":0},"end":{"line":188,"column":75}}},"branchMap":{"1":{"line":15,"type":"cond-expr","locations":[{"start":{"line":15,"column":70},"end":{"line":15,"column":73}},{"start":{"line":15,"column":76},"end":{"line":15,"column":92}}]},"2":{"line":15,"type":"binary-expr","locations":[{"start":{"line":15,"column":46},"end":{"line":15,"column":49}},{"start":{"line":15,"column":53},"end":{"line":15,"column":67}}]},"3":{"line":31,"type":"if","locations":[{"start":{"line":31,"column":6},"end":{"line":31,"column":6}},{"start":{"line":31,"column":6},"end":{"line":31,"column":6}}]},"4":{"line":67,"type":"if","locations":[{"start":{"line":67,"column":8},"end":{"line":67,"column":8}},{"start":{"line":67,"column":8},"end":{"line":67,"column":8}}]},"5":{"line":71,"type":"if","locations":[{"start":{"line":71,"column":8},"end":{"line":71,"column":8}},{"start":{"line":71,"column":8},"end":{"line":71,"column":8}}]},"6":{"line":103,"type":"if","locations":[{"start":{"line":103,"column":8},"end":{"line":103,"column":8}},{"start":{"line":103,"column":8},"end":{"line":103,"column":8}}]},"7":{"line":112,"type":"if","locations":[{"start":{"line":112,"column":10},"end":{"line":112,"column":10}},{"start":{"line":112,"column":10},"end":{"line":112,"column":10}}]},"8":{"line":152,"type":"if","locations":[{"start":{"line":152,"column":6},"end":{"line":152,"column":6}},{"start":{"line":152,"column":6},"end":{"line":152,"column":6}}]}},"code":["'use strict';","","var _create = require('babel-runtime/core-js/object/create');","","var _create2 = _interopRequireDefault(_create);","","var _classCallCheck2 = require('babel-runtime/helpers/classCallCheck');","","var _classCallCheck3 = _interopRequireDefault(_classCallCheck2);","","var _createClass2 = require('babel-runtime/helpers/createClass');","","var _createClass3 = _interopRequireDefault(_createClass2);","","function _interopRequireDefault(obj) { return obj && obj.__esModule ? obj : { default: obj }; }","","var net = require('net');","var dns = require('dns');","","var Connector = function () {","  function Connector(options, multiSubnetFailover) {","    (0, _classCallCheck3.default)(this, Connector);","","    this.options = options;","    this.multiSubnetFailover = multiSubnetFailover;","  }","","  (0, _createClass3.default)(Connector, [{","    key: 'execute',","    value: function execute(cb) {","      if (net.isIP(this.options.host)) {","        this.executeForIP(cb);","      } else {","        this.executeForHostname(cb);","      }","    }","  }, {","    key: 'executeForIP',","    value: function executeForIP(cb) {","      var socket = net.connect(this.options);","","      var onError = function onError(err) {","        socket.removeListener('error', onError);","        socket.removeListener('connect', onConnect);","","        socket.destroy();","","        cb(err);","      };","","      var onConnect = function onConnect() {","        socket.removeListener('error', onError);","        socket.removeListener('connect', onConnect);","","        cb(null, socket);","      };","","      socket.on('error', onError);","      socket.on('connect', onConnect);","    }","  }, {","    key: 'executeForHostname',","    value: function executeForHostname(cb) {","      var _this = this;","","      dns.lookup(this.options.host, { all: true }, function (err, addresses) {","        if (err) {","          return cb(err);","        }","","        if (_this.multiSubnetFailover) {","          new ParallelConnectionStrategy(addresses, _this.options).connect(cb);","        } else {","          new SequentialConnectionStrategy(addresses, _this.options).connect(cb);","        }","      });","    }","  }]);","  return Connector;","}();","","var ParallelConnectionStrategy = function () {","  function ParallelConnectionStrategy(addresses, options) {","    (0, _classCallCheck3.default)(this, ParallelConnectionStrategy);","","    this.addresses = addresses;","    this.options = options;","  }","","  (0, _createClass3.default)(ParallelConnectionStrategy, [{","    key: 'connect',","    value: function connect(callback) {","      var addresses = this.addresses;","      var sockets = new Array(addresses.length);","","      var errorCount = 0;","      var onError = function onError(err) {","        errorCount += 1;","","        this.removeListener('error', onError);","        this.removeListener('connect', onConnect);","","        if (errorCount === addresses.length) {","          callback(new Error('Could not connect (parallel)'));","        }","      };","","      var onConnect = function onConnect() {","        for (var j = 0; j < sockets.length; j++) {","          var socket = sockets[j];","","          if (this === socket) {","            continue;","          }","","          socket.removeListener('error', onError);","          socket.removeListener('connect', onConnect);","          socket.destroy();","        }","","        callback(null, this);","      };","","      for (var i = 0, len = addresses.length; i < len; i++) {","        var socket = sockets[i] = net.connect((0, _create2.default)(this.options, {","          host: { value: addresses[i].address }","        }));","","        socket.on('error', onError);","        socket.on('connect', onConnect);","      }","    }","  }]);","  return ParallelConnectionStrategy;","}();","","var SequentialConnectionStrategy = function () {","  function SequentialConnectionStrategy(addresses, options) {","    (0, _classCallCheck3.default)(this, SequentialConnectionStrategy);","","    this.addresses = addresses;","    this.options = options;","  }","","  (0, _createClass3.default)(SequentialConnectionStrategy, [{","    key: 'connect',","    value: function connect(callback) {","      var _this2 = this;","","      var addresses = this.addresses;","","      if (!addresses.length) {","        callback(new Error('Could not connect (sequence)'));","        return;","      }","","      var next = addresses.shift();","","      var socket = net.connect((0, _create2.default)(this.options, {","        host: { value: next.address }","      }));","","      var onError = function onError(err) {","        socket.removeListener('error', onError);","        socket.removeListener('connect', onConnect);","","        socket.destroy();","","        _this2.connect(callback);","      };","","      var onConnect = function onConnect() {","        socket.removeListener('error', onError);","        socket.removeListener('connect', onConnect);","","        callback(null, socket);","      };","","      socket.on('error', onError);","      socket.on('connect', onConnect);","    }","  }]);","  return SequentialConnectionStrategy;","}();","","module.exports.Connector = Connector;","module.exports.ParallelConnectionStrategy = ParallelConnectionStrategy;","module.exports.SequentialConnectionStrategy = SequentialConnectionStrategy;"],"l":{"3":1,"5":1,"7":1,"9":1,"11":1,"13":1,"15":3,"17":1,"18":1,"20":1,"21":1,"22":0,"24":0,"25":0,"28":1,"31":0,"32":0,"34":0,"40":0,"42":0,"43":0,"44":0,"46":0,"48":0,"51":0,"52":0,"53":0,"55":0,"58":0,"59":0,"64":0,"66":0,"67":0,"68":0,"71":0,"72":0,"74":0,"79":1,"82":1,"83":1,"84":0,"86":0,"87":0,"90":1,"93":0,"94":0,"96":0,"97":0,"98":0,"100":0,"101":0,"103":0,"104":0,"108":0,"109":0,"110":0,"112":0,"113":0,"116":0,"117":0,"118":0,"121":0,"124":0,"125":0,"129":0,"130":0,"134":1,"137":1,"138":1,"139":0,"141":0,"142":0,"145":1,"148":0,"150":0,"152":0,"153":0,"154":0,"157":0,"159":0,"163":0,"164":0,"165":0,"167":0,"169":0,"172":0,"173":0,"174":0,"176":0,"179":0,"180":0,"183":1,"186":1,"187":1,"188":1}}}